{"C:\\Users\\shevoK\\Documents\\GitHub\\Openremote-Alarm-app\\src\\assets\\logo.png": {"path":"C:\\Users\\shevoK\\Documents\\GitHub\\Openremote-Alarm-app\\src\\assets\\logo.png","statementMap":{},"fnMap":{},"branchMap":{},"s":{},"f":{},"b":{},"meta":{"lastBranch":0,"lastFunction":0,"lastStatement":0,"seen":{}}}
,"C:\\Users\\shevoK\\Documents\\GitHub\\Openremote-Alarm-app\\src\\lib\\alarm-grouping.ts": {"path":"C:\\Users\\shevoK\\Documents\\GitHub\\Openremote-Alarm-app\\src\\lib\\alarm-grouping.ts","statementMap":{"0":{"start":{"line":13,"column":2},"end":{"line":13,"column":null}},"1":{"start":{"line":17,"column":17},"end":{"line":17,"column":46}},"2":{"start":{"line":20,"column":18},"end":{"line":20,"column":null}},"3":{"start":{"line":21,"column":24},"end":{"line":21,"column":null}},"4":{"start":{"line":23,"column":16},"end":{"line":23,"column":null}},"5":{"start":{"line":26,"column":6},"end":{"line":33,"column":null}},"6":{"start":{"line":36,"column":18},"end":{"line":36,"column":33}},"7":{"start":{"line":37,"column":4},"end":{"line":37,"column":null}},"8":{"start":{"line":38,"column":4},"end":{"line":38,"column":null}},"9":{"start":{"line":40,"column":22},"end":{"line":40,"column":62}},"10":{"start":{"line":42,"column":6},"end":{"line":42,"column":null}},"11":{"start":{"line":47,"column":23},"end":{"line":48,"column":null}},"12":{"start":{"line":48,"column":14},"end":{"line":48,"column":null}},"13":{"start":{"line":53,"column":4},"end":{"line":57,"column":null}},"14":{"start":{"line":55,"column":8},"end":{"line":56,"column":44}},"15":{"start":{"line":60,"column":2},"end":{"line":60,"column":null}}},"fnMap":{"0":{"name":"(anonymous_0)","decl":{"start":{"line":47,"column":51},"end":{"line":47,"column":null}},"loc":{"start":{"line":48,"column":14},"end":{"line":48,"column":null}},"line":48},"1":{"name":"(anonymous_1)","decl":{"start":{"line":53,"column":16},"end":{"line":53,"column":null}},"loc":{"start":{"line":55,"column":8},"end":{"line":56,"column":44}},"line":55}},"branchMap":{"0":{"loc":{"start":{"line":13,"column":10},"end":{"line":13,"column":21}},"type":"binary-expr","locations":[{"start":{"line":13,"column":10},"end":{"line":13,"column":17}},{"start":{"line":13,"column":17},"end":{"line":13,"column":21}}],"line":13},"1":{"loc":{"start":{"line":20,"column":18},"end":{"line":20,"column":null}},"type":"binary-expr","locations":[{"start":{"line":20,"column":18},"end":{"line":20,"column":33}},{"start":{"line":20,"column":33},"end":{"line":20,"column":null}}],"line":20},"2":{"loc":{"start":{"line":21,"column":24},"end":{"line":21,"column":null}},"type":"binary-expr","locations":[{"start":{"line":21,"column":24},"end":{"line":21,"column":41}},{"start":{"line":21,"column":41},"end":{"line":21,"column":null}}],"line":21},"3":{"loc":{"start":{"line":40,"column":31},"end":{"line":40,"column":52}},"type":"binary-expr","locations":[{"start":{"line":40,"column":31},"end":{"line":40,"column":50}},{"start":{"line":40,"column":50},"end":{"line":40,"column":52}}],"line":40},"4":{"loc":{"start":{"line":55,"column":17},"end":{"line":55,"column":34}},"type":"binary-expr","locations":[{"start":{"line":55,"column":17},"end":{"line":55,"column":32}},{"start":{"line":55,"column":32},"end":{"line":55,"column":34}}],"line":55},"5":{"loc":{"start":{"line":56,"column":17},"end":{"line":56,"column":34}},"type":"binary-expr","locations":[{"start":{"line":56,"column":17},"end":{"line":56,"column":32}},{"start":{"line":56,"column":32},"end":{"line":56,"column":34}}],"line":56}},"s":{"0":20,"1":8,"2":10,"3":10,"4":10,"5":8,"6":10,"7":10,"8":10,"9":10,"10":9,"11":8,"12":3,"13":8,"14":2,"15":8},"f":{"0":3,"1":2},"b":{"0":[20,0],"1":[10,0],"2":[10,0],"3":[10,0],"4":[2,0],"5":[2,0]},"meta":{"lastBranch":6,"lastFunction":2,"lastStatement":16,"seen":{"s:13:2:13:Infinity":0,"b:13:10:13:17:13:17:13:21":0,"s:17:17:17:46":1,"s:20:18:20:Infinity":2,"b:20:18:20:33:20:33:20:Infinity":1,"s:21:24:21:Infinity":3,"b:21:24:21:41:21:41:21:Infinity":2,"s:23:16:23:Infinity":4,"s:26:6:33:Infinity":5,"s:36:18:36:33":6,"s:37:4:37:Infinity":7,"s:38:4:38:Infinity":8,"s:40:22:40:62":9,"b:40:31:40:50:40:50:40:52":3,"s:42:6:42:Infinity":10,"s:47:23:48:Infinity":11,"f:47:51:47:Infinity":0,"s:48:14:48:Infinity":12,"s:53:4:57:Infinity":13,"f:53:16:53:Infinity":1,"s:55:8:56:44":14,"b:55:17:55:32:55:32:55:34":4,"b:56:17:56:32:56:32:56:34":5,"s:60:2:60:Infinity":15}}}
,"C:\\Users\\shevoK\\Documents\\GitHub\\Openremote-Alarm-app\\src\\lib\\asset-types.ts": {"path":"C:\\Users\\shevoK\\Documents\\GitHub\\Openremote-Alarm-app\\src\\lib\\asset-types.ts","statementMap":{"0":{"start":{"line":68,"column":72},"end":{"line":277,"column":null}},"1":{"start":{"line":286,"column":2},"end":{"line":286,"column":null}},"2":{"start":{"line":286,"column":14},"end":{"line":286,"column":null}},"3":{"start":{"line":287,"column":2},"end":{"line":287,"column":null}},"4":{"start":{"line":287,"column":33},"end":{"line":287,"column":null}},"5":{"start":{"line":289,"column":16},"end":{"line":289,"column":null}},"6":{"start":{"line":290,"column":4},"end":{"line":290,"column":null}},"7":{"start":{"line":290,"column":38},"end":{"line":290,"column":null}},"8":{"start":{"line":292,"column":2},"end":{"line":292,"column":null}},"9":{"start":{"line":301,"column":43},"end":{"line":305,"column":null}},"10":{"start":{"line":308,"column":4},"end":{"line":308,"column":null}},"11":{"start":{"line":308,"column":20},"end":{"line":308,"column":null}},"12":{"start":{"line":311,"column":6},"end":{"line":311,"column":null}},"13":{"start":{"line":311,"column":42},"end":{"line":311,"column":null}},"14":{"start":{"line":315,"column":6},"end":{"line":316,"column":null}},"15":{"start":{"line":315,"column":37},"end":{"line":315,"column":52}},"16":{"start":{"line":316,"column":8},"end":{"line":316,"column":null}},"17":{"start":{"line":319,"column":2},"end":{"line":319,"column":null}},"18":{"start":{"line":329,"column":2},"end":{"line":329,"column":null}},"19":{"start":{"line":329,"column":17},"end":{"line":329,"column":null}},"20":{"start":{"line":332,"column":5},"end":{"line":333,"column":null}},"21":{"start":{"line":335,"column":18},"end":{"line":335,"column":41}},"22":{"start":{"line":337,"column":6},"end":{"line":337,"column":null}},"23":{"start":{"line":337,"column":38},"end":{"line":337,"column":null}},"24":{"start":{"line":338,"column":6},"end":{"line":339,"column":null}},"25":{"start":{"line":338,"column":37},"end":{"line":338,"column":52}},"26":{"start":{"line":339,"column":8},"end":{"line":339,"column":null}},"27":{"start":{"line":342,"column":2},"end":{"line":342,"column":null}},"28":{"start":{"line":346,"column":2},"end":{"line":346,"column":null}}},"fnMap":{"0":{"name":"(anonymous_0)","decl":{"start":{"line":315,"column":26},"end":{"line":315,"column":31}},"loc":{"start":{"line":315,"column":37},"end":{"line":315,"column":52}},"line":315},"1":{"name":"(anonymous_1)","decl":{"start":{"line":338,"column":26},"end":{"line":338,"column":31}},"loc":{"start":{"line":338,"column":37},"end":{"line":338,"column":52}},"line":338}},"branchMap":{"0":{"loc":{"start":{"line":286,"column":2},"end":{"line":286,"column":null}},"type":"if","locations":[{"start":{"line":286,"column":2},"end":{"line":286,"column":null}},{"start":{},"end":{}}],"line":286},"1":{"loc":{"start":{"line":287,"column":2},"end":{"line":287,"column":null}},"type":"if","locations":[{"start":{"line":287,"column":2},"end":{"line":287,"column":null}},{"start":{},"end":{}}],"line":287},"2":{"loc":{"start":{"line":290,"column":4},"end":{"line":290,"column":null}},"type":"if","locations":[{"start":{"line":290,"column":4},"end":{"line":290,"column":null}},{"start":{},"end":{}}],"line":290},"3":{"loc":{"start":{"line":303,"column":4},"end":{"line":303,"column":null}},"type":"cond-expr","locations":[{"start":{"line":303,"column":22},"end":{"line":303,"column":51}},{"start":{"line":303,"column":54},"end":{"line":303,"column":null}}],"line":303},"4":{"loc":{"start":{"line":308,"column":4},"end":{"line":308,"column":null}},"type":"if","locations":[{"start":{"line":308,"column":4},"end":{"line":308,"column":null}},{"start":{},"end":{}}],"line":308},"5":{"loc":{"start":{"line":311,"column":6},"end":{"line":311,"column":null}},"type":"if","locations":[{"start":{"line":311,"column":6},"end":{"line":311,"column":null}},{"start":{},"end":{}}],"line":311},"6":{"loc":{"start":{"line":315,"column":6},"end":{"line":316,"column":null}},"type":"if","locations":[{"start":{"line":315,"column":6},"end":{"line":316,"column":null}},{"start":{},"end":{}}],"line":315},"7":{"loc":{"start":{"line":329,"column":2},"end":{"line":329,"column":null}},"type":"if","locations":[{"start":{"line":329,"column":2},"end":{"line":329,"column":null}},{"start":{},"end":{}}],"line":329},"8":{"loc":{"start":{"line":332,"column":5},"end":{"line":333,"column":null}},"type":"binary-expr","locations":[{"start":{"line":332,"column":5},"end":{"line":332,"column":null}},{"start":{"line":333,"column":5},"end":{"line":333,"column":null}}],"line":332},"9":{"loc":{"start":{"line":337,"column":6},"end":{"line":337,"column":null}},"type":"if","locations":[{"start":{"line":337,"column":6},"end":{"line":337,"column":null}},{"start":{},"end":{}}],"line":337},"10":{"loc":{"start":{"line":338,"column":6},"end":{"line":339,"column":null}},"type":"if","locations":[{"start":{"line":338,"column":6},"end":{"line":339,"column":null}},{"start":{},"end":{}}],"line":338},"11":{"loc":{"start":{"line":346,"column":9},"end":{"line":346,"column":null}},"type":"binary-expr","locations":[{"start":{"line":346,"column":9},"end":{"line":346,"column":37}},{"start":{"line":346,"column":37},"end":{"line":346,"column":null}}],"line":346}},"s":{"0":9,"1":6,"2":5,"3":1,"4":0,"5":1,"6":1,"7":1,"8":0,"9":3,"10":9,"11":8,"12":26,"13":0,"14":26,"15":29,"16":0,"17":3,"18":12,"19":0,"20":12,"21":0,"22":0,"23":0,"24":0,"25":0,"26":0,"27":12,"28":12},"f":{"0":29,"1":0},"b":{"0":[5,1],"1":[0,1],"2":[1,0],"3":[0,3],"4":[8,1],"5":[0,26],"6":[0,26],"7":[0,12],"8":[12,12],"9":[0,0],"10":[0,0],"11":[12,0]},"meta":{"lastBranch":12,"lastFunction":2,"lastStatement":29,"seen":{"s:68:72:277:Infinity":0,"b:286:2:286:Infinity:undefined:undefined:undefined:undefined":0,"s:286:2:286:Infinity":1,"s:286:14:286:Infinity":2,"b:287:2:287:Infinity:undefined:undefined:undefined:undefined":1,"s:287:2:287:Infinity":3,"s:287:33:287:Infinity":4,"s:289:16:289:Infinity":5,"b:290:4:290:Infinity:undefined:undefined:undefined:undefined":2,"s:290:4:290:Infinity":6,"s:290:38:290:Infinity":7,"s:292:2:292:Infinity":8,"s:301:43:305:Infinity":9,"b:303:22:303:51:303:54:303:Infinity":3,"b:308:4:308:Infinity:undefined:undefined:undefined:undefined":4,"s:308:4:308:Infinity":10,"s:308:20:308:Infinity":11,"b:311:6:311:Infinity:undefined:undefined:undefined:undefined":5,"s:311:6:311:Infinity":12,"s:311:42:311:Infinity":13,"b:315:6:316:Infinity:undefined:undefined:undefined:undefined":6,"s:315:6:316:Infinity":14,"f:315:26:315:31":0,"s:315:37:315:52":15,"s:316:8:316:Infinity":16,"s:319:2:319:Infinity":17,"b:329:2:329:Infinity:undefined:undefined:undefined:undefined":7,"s:329:2:329:Infinity":18,"s:329:17:329:Infinity":19,"s:332:5:333:Infinity":20,"b:332:5:332:Infinity:333:5:333:Infinity":8,"s:335:18:335:41":21,"b:337:6:337:Infinity:undefined:undefined:undefined:undefined":9,"s:337:6:337:Infinity":22,"s:337:38:337:Infinity":23,"b:338:6:339:Infinity:undefined:undefined:undefined:undefined":10,"s:338:6:339:Infinity":24,"f:338:26:338:31":1,"s:338:37:338:52":25,"s:339:8:339:Infinity":26,"s:342:2:342:Infinity":27,"s:346:2:346:Infinity":28,"b:346:9:346:37:346:37:346:Infinity":11}}}
,"C:\\Users\\shevoK\\Documents\\GitHub\\Openremote-Alarm-app\\src\\lib\\documentation-content.ts": {"path":"C:\\Users\\shevoK\\Documents\\GitHub\\Openremote-Alarm-app\\src\\lib\\documentation-content.ts","statementMap":{"0":{"start":{"line":7,"column":51},"end":{"line":213,"column":null}}},"fnMap":{},"branchMap":{},"s":{"0":9},"f":{},"b":{},"meta":{"lastBranch":0,"lastFunction":0,"lastStatement":1,"seen":{"s:7:51:213:Infinity":0}}}
,"C:\\Users\\shevoK\\Documents\\GitHub\\Openremote-Alarm-app\\src\\lib\\store.svelte.ts": {"path":"C:\\Users\\shevoK\\Documents\\GitHub\\Openremote-Alarm-app\\src\\lib\\store.svelte.ts","statementMap":{"0":{"start":{"line":17,"column":26},"end":{"line":17,"column":null}},"1":{"start":{"line":18,"column":28},"end":{"line":18,"column":null}},"2":{"start":{"line":19,"column":32},"end":{"line":19,"column":null}},"3":{"start":{"line":29,"column":19},"end":{"line":29,"column":null}},"4":{"start":{"line":30,"column":11},"end":{"line":30,"column":null}},"5":{"start":{"line":32,"column":9},"end":{"line":32,"column":null}},"6":{"start":{"line":37,"column":4},"end":{"line":37,"column":null}},"7":{"start":{"line":42,"column":13},"end":{"line":42,"column":null}},"8":{"start":{"line":42,"column":24},"end":{"line":42,"column":null}},"9":{"start":{"line":43,"column":12},"end":{"line":43,"column":null}},"10":{"start":{"line":44,"column":9},"end":{"line":44,"column":null}},"11":{"start":{"line":48,"column":13},"end":{"line":48,"column":null}},"12":{"start":{"line":48,"column":24},"end":{"line":48,"column":null}},"13":{"start":{"line":49,"column":17},"end":{"line":50,"column":null}},"14":{"start":{"line":53,"column":11},"end":{"line":53,"column":null}},"15":{"start":{"line":55,"column":9},"end":{"line":55,"column":null}},"16":{"start":{"line":59,"column":13},"end":{"line":59,"column":null}},"17":{"start":{"line":59,"column":24},"end":{"line":59,"column":null}},"18":{"start":{"line":60,"column":22},"end":{"line":60,"column":null}},"19":{"start":{"line":61,"column":9},"end":{"line":61,"column":null}},"20":{"start":{"line":65,"column":9},"end":{"line":65,"column":null}},"21":{"start":{"line":69,"column":13},"end":{"line":69,"column":null}},"22":{"start":{"line":69,"column":26},"end":{"line":69,"column":null}},"23":{"start":{"line":70,"column":2},"end":{"line":70,"column":null}},"24":{"start":{"line":71,"column":2},"end":{"line":71,"column":null}},"25":{"start":{"line":75,"column":7},"end":{"line":75,"column":null}},"26":{"start":{"line":76,"column":9},"end":{"line":76,"column":null}},"27":{"start":{"line":80,"column":19},"end":{"line":80,"column":null}},"28":{"start":{"line":81,"column":6},"end":{"line":81,"column":null}},"29":{"start":{"line":83,"column":9},"end":{"line":83,"column":null}},"30":{"start":{"line":87,"column":19},"end":{"line":87,"column":null}},"31":{"start":{"line":88,"column":6},"end":{"line":88,"column":null}},"32":{"start":{"line":89,"column":12},"end":{"line":89,"column":null}},"33":{"start":{"line":135,"column":2},"end":{"line":135,"column":null}},"34":{"start":{"line":136,"column":24},"end":{"line":136,"column":null}},"35":{"start":{"line":139,"column":6},"end":{"line":139,"column":null}},"36":{"start":{"line":140,"column":6},"end":{"line":140,"column":null}},"37":{"start":{"line":143,"column":2},"end":{"line":143,"column":null}},"38":{"start":{"line":415,"column":10},"end":{"line":416,"column":null}},"39":{"start":{"line":417,"column":10},"end":{"line":421,"column":null}},"40":{"start":{"line":148,"column":8},"end":{"line":148,"column":null}},"41":{"start":{"line":148,"column":17},"end":{"line":148,"column":null}},"42":{"start":{"line":151,"column":25},"end":{"line":151,"column":null}},"43":{"start":{"line":152,"column":26},"end":{"line":152,"column":null}},"44":{"start":{"line":162,"column":10},"end":{"line":162,"column":null}},"45":{"start":{"line":167,"column":8},"end":{"line":167,"column":null}},"46":{"start":{"line":168,"column":25},"end":{"line":168,"column":null}},"47":{"start":{"line":177,"column":14},"end":{"line":180,"column":null}},"48":{"start":{"line":184,"column":8},"end":{"line":184,"column":null}},"49":{"start":{"line":189,"column":12},"end":{"line":189,"column":null}},"50":{"start":{"line":194,"column":13},"end":{"line":194,"column":null}},"51":{"start":{"line":196,"column":6},"end":{"line":196,"column":null}},"52":{"start":{"line":197,"column":13},"end":{"line":197,"column":null}},"53":{"start":{"line":203,"column":12},"end":{"line":204,"column":null}},"54":{"start":{"line":206,"column":6},"end":{"line":206,"column":null}},"55":{"start":{"line":208,"column":6},"end":{"line":208,"column":null}},"56":{"start":{"line":214,"column":11},"end":{"line":214,"column":null}},"57":{"start":{"line":215,"column":12},"end":{"line":215,"column":null}},"58":{"start":{"line":217,"column":6},"end":{"line":217,"column":null}},"59":{"start":{"line":219,"column":6},"end":{"line":219,"column":null}},"60":{"start":{"line":220,"column":12},"end":{"line":220,"column":null}},"61":{"start":{"line":226,"column":10},"end":{"line":226,"column":null}},"62":{"start":{"line":226,"column":31},"end":{"line":226,"column":null}},"63":{"start":{"line":227,"column":12},"end":{"line":228,"column":null}},"64":{"start":{"line":230,"column":13},"end":{"line":230,"column":null}},"65":{"start":{"line":232,"column":6},"end":{"line":232,"column":null}},"66":{"start":{"line":233,"column":12},"end":{"line":233,"column":null}},"67":{"start":{"line":239,"column":10},"end":{"line":239,"column":null}},"68":{"start":{"line":239,"column":31},"end":{"line":239,"column":null}},"69":{"start":{"line":240,"column":12},"end":{"line":240,"column":null}},"70":{"start":{"line":241,"column":13},"end":{"line":241,"column":null}},"71":{"start":{"line":243,"column":6},"end":{"line":243,"column":null}},"72":{"start":{"line":244,"column":12},"end":{"line":244,"column":null}},"73":{"start":{"line":250,"column":12},"end":{"line":250,"column":null}},"74":{"start":{"line":251,"column":6},"end":{"line":251,"column":null}},"75":{"start":{"line":251,"column":48},"end":{"line":251,"column":null}},"76":{"start":{"line":253,"column":6},"end":{"line":253,"column":null}},"77":{"start":{"line":254,"column":12},"end":{"line":254,"column":null}},"78":{"start":{"line":260,"column":12},"end":{"line":260,"column":null}},"79":{"start":{"line":261,"column":20},"end":{"line":261,"column":null}},"80":{"start":{"line":262,"column":6},"end":{"line":262,"column":null}},"81":{"start":{"line":265,"column":18},"end":{"line":267,"column":null}},"82":{"start":{"line":266,"column":20},"end":{"line":266,"column":null}},"83":{"start":{"line":267,"column":17},"end":{"line":267,"column":null}},"84":{"start":{"line":270,"column":14},"end":{"line":271,"column":null}},"85":{"start":{"line":271,"column":26},"end":{"line":271,"column":null}},"86":{"start":{"line":274,"column":14},"end":{"line":274,"column":null}},"87":{"start":{"line":275,"column":14},"end":{"line":275,"column":null}},"88":{"start":{"line":276,"column":21},"end":{"line":276,"column":24}},"89":{"start":{"line":277,"column":25},"end":{"line":277,"column":null}},"90":{"start":{"line":278,"column":21},"end":{"line":278,"column":null}},"91":{"start":{"line":280,"column":31},"end":{"line":280,"column":null}},"92":{"start":{"line":283,"column":14},"end":{"line":287,"column":null}},"93":{"start":{"line":288,"column":12},"end":{"line":289,"column":null}},"94":{"start":{"line":291,"column":14},"end":{"line":291,"column":null}},"95":{"start":{"line":293,"column":14},"end":{"line":293,"column":null}},"96":{"start":{"line":297,"column":8},"end":{"line":297,"column":null}},"97":{"start":{"line":298,"column":8},"end":{"line":298,"column":null}},"98":{"start":{"line":300,"column":8},"end":{"line":300,"column":null}},"99":{"start":{"line":301,"column":8},"end":{"line":301,"column":null}},"100":{"start":{"line":304,"column":6},"end":{"line":304,"column":null}},"101":{"start":{"line":310,"column":12},"end":{"line":311,"column":null}},"102":{"start":{"line":313,"column":6},"end":{"line":313,"column":null}},"103":{"start":{"line":314,"column":6},"end":{"line":314,"column":null}},"104":{"start":{"line":316,"column":6},"end":{"line":316,"column":null}},"105":{"start":{"line":322,"column":12},"end":{"line":323,"column":null}},"106":{"start":{"line":326,"column":17},"end":{"line":326,"column":null}},"107":{"start":{"line":328,"column":19},"end":{"line":328,"column":null}},"108":{"start":{"line":330,"column":6},"end":{"line":330,"column":null}},"109":{"start":{"line":331,"column":6},"end":{"line":331,"column":null}},"110":{"start":{"line":333,"column":6},"end":{"line":333,"column":null}},"111":{"start":{"line":339,"column":4},"end":{"line":339,"column":null}},"112":{"start":{"line":341,"column":4},"end":{"line":341,"column":null}},"113":{"start":{"line":342,"column":17},"end":{"line":342,"column":null}},"114":{"start":{"line":342,"column":29},"end":{"line":342,"column":null}},"115":{"start":{"line":343,"column":9},"end":{"line":343,"column":null}},"116":{"start":{"line":344,"column":18},"end":{"line":344,"column":null}},"117":{"start":{"line":346,"column":8},"end":{"line":346,"column":null}},"118":{"start":{"line":346,"column":57},"end":{"line":346,"column":null}},"119":{"start":{"line":346,"column":73},"end":{"line":346,"column":null}},"120":{"start":{"line":348,"column":4},"end":{"line":348,"column":null}},"121":{"start":{"line":349,"column":4},"end":{"line":349,"column":null}},"122":{"start":{"line":351,"column":6},"end":{"line":351,"column":null}},"123":{"start":{"line":353,"column":6},"end":{"line":353,"column":null}},"124":{"start":{"line":358,"column":4},"end":{"line":358,"column":null}},"125":{"start":{"line":359,"column":4},"end":{"line":359,"column":null}},"126":{"start":{"line":360,"column":4},"end":{"line":360,"column":null}},"127":{"start":{"line":362,"column":4},"end":{"line":362,"column":null}},"128":{"start":{"line":363,"column":17},"end":{"line":363,"column":null}},"129":{"start":{"line":363,"column":29},"end":{"line":363,"column":null}},"130":{"start":{"line":364,"column":9},"end":{"line":364,"column":null}},"131":{"start":{"line":365,"column":18},"end":{"line":365,"column":null}},"132":{"start":{"line":367,"column":8},"end":{"line":367,"column":null}},"133":{"start":{"line":367,"column":57},"end":{"line":367,"column":null}},"134":{"start":{"line":367,"column":73},"end":{"line":367,"column":null}},"135":{"start":{"line":369,"column":4},"end":{"line":369,"column":null}},"136":{"start":{"line":370,"column":4},"end":{"line":370,"column":null}},"137":{"start":{"line":372,"column":6},"end":{"line":372,"column":null}},"138":{"start":{"line":374,"column":6},"end":{"line":374,"column":null}},"139":{"start":{"line":380,"column":6},"end":{"line":380,"column":null}},"140":{"start":{"line":382,"column":8},"end":{"line":382,"column":null}},"141":{"start":{"line":385,"column":6},"end":{"line":385,"column":null}},"142":{"start":{"line":390,"column":4},"end":{"line":390,"column":null}},"143":{"start":{"line":392,"column":6},"end":{"line":392,"column":null}},"144":{"start":{"line":394,"column":4},"end":{"line":394,"column":null}},"145":{"start":{"line":395,"column":4},"end":{"line":395,"column":null}},"146":{"start":{"line":399,"column":4},"end":{"line":399,"column":null}},"147":{"start":{"line":401,"column":6},"end":{"line":401,"column":null}},"148":{"start":{"line":407,"column":20},"end":{"line":407,"column":null}},"149":{"start":{"line":408,"column":28},"end":{"line":408,"column":null}},"150":{"start":{"line":411,"column":20},"end":{"line":411,"column":null}},"151":{"start":{"line":412,"column":36},"end":{"line":412,"column":null}},"152":{"start":{"line":424,"column":15},"end":{"line":424,"column":null}},"153":{"start":{"line":424,"column":28},"end":{"line":424,"column":null}},"154":{"start":{"line":425,"column":15},"end":{"line":425,"column":null}},"155":{"start":{"line":427,"column":6},"end":{"line":427,"column":null}},"156":{"start":{"line":428,"column":6},"end":{"line":428,"column":null}},"157":{"start":{"line":429,"column":6},"end":{"line":429,"column":null}},"158":{"start":{"line":431,"column":4},"end":{"line":431,"column":null}},"159":{"start":{"line":438,"column":15},"end":{"line":438,"column":null}},"160":{"start":{"line":438,"column":28},"end":{"line":438,"column":null}},"161":{"start":{"line":440,"column":17},"end":{"line":440,"column":null}},"162":{"start":{"line":441,"column":10},"end":{"line":443,"column":null}},"163":{"start":{"line":445,"column":4},"end":{"line":445,"column":null}},"164":{"start":{"line":445,"column":27},"end":{"line":445,"column":null}},"165":{"start":{"line":447,"column":20},"end":{"line":447,"column":null}},"166":{"start":{"line":448,"column":18},"end":{"line":448,"column":null}},"167":{"start":{"line":450,"column":6},"end":{"line":450,"column":null}},"168":{"start":{"line":451,"column":6},"end":{"line":451,"column":null}},"169":{"start":{"line":452,"column":6},"end":{"line":452,"column":null}},"170":{"start":{"line":454,"column":14},"end":{"line":454,"column":null}},"171":{"start":{"line":457,"column":6},"end":{"line":462,"column":null}},"172":{"start":{"line":460,"column":20},"end":{"line":460,"column":null}},"173":{"start":{"line":465,"column":6},"end":{"line":470,"column":null}},"174":{"start":{"line":468,"column":20},"end":{"line":468,"column":null}},"175":{"start":{"line":472,"column":4},"end":{"line":472,"column":null}},"176":{"start":{"line":474,"column":6},"end":{"line":474,"column":null}},"177":{"start":{"line":479,"column":15},"end":{"line":479,"column":null}},"178":{"start":{"line":479,"column":26},"end":{"line":479,"column":null}},"179":{"start":{"line":481,"column":21},"end":{"line":481,"column":null}},"180":{"start":{"line":483,"column":23},"end":{"line":483,"column":null}},"181":{"start":{"line":493,"column":25},"end":{"line":493,"column":null}},"182":{"start":{"line":495,"column":8},"end":{"line":495,"column":null}},"183":{"start":{"line":498,"column":10},"end":{"line":498,"column":null}},"184":{"start":{"line":498,"column":37},"end":{"line":498,"column":null}},"185":{"start":{"line":499,"column":6},"end":{"line":499,"column":null}},"186":{"start":{"line":500,"column":6},"end":{"line":502,"column":null}},"187":{"start":{"line":505,"column":6},"end":{"line":505,"column":null}},"188":{"start":{"line":510,"column":15},"end":{"line":510,"column":null}},"189":{"start":{"line":510,"column":26},"end":{"line":510,"column":null}},"190":{"start":{"line":511,"column":16},"end":{"line":511,"column":null}},"191":{"start":{"line":512,"column":4},"end":{"line":512,"column":null}},"192":{"start":{"line":516,"column":15},"end":{"line":516,"column":null}},"193":{"start":{"line":516,"column":26},"end":{"line":516,"column":null}},"194":{"start":{"line":517,"column":16},"end":{"line":517,"column":null}},"195":{"start":{"line":518,"column":4},"end":{"line":518,"column":null}},"196":{"start":{"line":542,"column":8},"end":{"line":543,"column":null}},"197":{"start":{"line":543,"column":6},"end":{"line":543,"column":null}},"198":{"start":{"line":544,"column":8},"end":{"line":544,"column":null}},"199":{"start":{"line":544,"column":42},"end":{"line":544,"column":null}},"200":{"start":{"line":545,"column":8},"end":{"line":548,"column":null}},"201":{"start":{"line":546,"column":6},"end":{"line":548,"column":null}},"202":{"start":{"line":550,"column":4},"end":{"line":550,"column":null}},"203":{"start":{"line":564,"column":6},"end":{"line":564,"column":null}},"204":{"start":{"line":568,"column":6},"end":{"line":568,"column":null}},"205":{"start":{"line":569,"column":6},"end":{"line":569,"column":null}},"206":{"start":{"line":589,"column":19},"end":{"line":589,"column":null}},"207":{"start":{"line":590,"column":6},"end":{"line":590,"column":null}},"208":{"start":{"line":590,"column":26},"end":{"line":590,"column":null}},"209":{"start":{"line":592,"column":22},"end":{"line":592,"column":null}},"210":{"start":{"line":593,"column":6},"end":{"line":593,"column":null}},"211":{"start":{"line":604,"column":4},"end":{"line":604,"column":null}},"212":{"start":{"line":605,"column":8},"end":{"line":606,"column":null}},"213":{"start":{"line":606,"column":6},"end":{"line":606,"column":null}},"214":{"start":{"line":607,"column":8},"end":{"line":607,"column":null}},"215":{"start":{"line":607,"column":42},"end":{"line":607,"column":null}},"216":{"start":{"line":608,"column":4},"end":{"line":608,"column":null}},"217":{"start":{"line":612,"column":4},"end":{"line":612,"column":null}},"218":{"start":{"line":613,"column":4},"end":{"line":613,"column":null}},"219":{"start":{"line":614,"column":4},"end":{"line":614,"column":null}},"220":{"start":{"line":615,"column":4},"end":{"line":615,"column":null}},"221":{"start":{"line":617,"column":6},"end":{"line":617,"column":null}},"222":{"start":{"line":618,"column":6},"end":{"line":618,"column":null}},"223":{"start":{"line":620,"column":4},"end":{"line":620,"column":null}},"224":{"start":{"line":625,"column":4},"end":{"line":625,"column":null}},"225":{"start":{"line":626,"column":4},"end":{"line":626,"column":null}},"226":{"start":{"line":646,"column":19},"end":{"line":646,"column":null}},"227":{"start":{"line":647,"column":6},"end":{"line":647,"column":null}},"228":{"start":{"line":647,"column":26},"end":{"line":647,"column":null}},"229":{"start":{"line":648,"column":22},"end":{"line":648,"column":null}},"230":{"start":{"line":649,"column":6},"end":{"line":649,"column":null}},"231":{"start":{"line":651,"column":4},"end":{"line":651,"column":null}},"232":{"start":{"line":657,"column":6},"end":{"line":657,"column":null}},"233":{"start":{"line":659,"column":6},"end":{"line":659,"column":null}},"234":{"start":{"line":662,"column":6},"end":{"line":664,"column":null}},"235":{"start":{"line":667,"column":4},"end":{"line":667,"column":null}},"236":{"start":{"line":671,"column":24},"end":{"line":672,"column":null}},"237":{"start":{"line":672,"column":7},"end":{"line":672,"column":null}},"238":{"start":{"line":674,"column":21},"end":{"line":674,"column":null}},"239":{"start":{"line":676,"column":6},"end":{"line":676,"column":null}},"240":{"start":{"line":678,"column":6},"end":{"line":678,"column":null}},"241":{"start":{"line":680,"column":4},"end":{"line":680,"column":null}},"242":{"start":{"line":684,"column":18},"end":{"line":684,"column":null}},"243":{"start":{"line":684,"column":51},"end":{"line":684,"column":null}},"244":{"start":{"line":685,"column":9},"end":{"line":685,"column":null}},"245":{"start":{"line":686,"column":4},"end":{"line":686,"column":null}},"246":{"start":{"line":690,"column":4},"end":{"line":691,"column":null}},"247":{"start":{"line":691,"column":7},"end":{"line":691,"column":null}},"248":{"start":{"line":693,"column":4},"end":{"line":693,"column":null}},"249":{"start":{"line":697,"column":13},"end":{"line":697,"column":null}},"250":{"start":{"line":699,"column":0},"end":{"line":699,"column":null}},"251":{"start":{"line":703,"column":7},"end":{"line":703,"column":null}},"252":{"start":{"line":703,"column":17},"end":{"line":703,"column":null}},"253":{"start":{"line":704,"column":11},"end":{"line":704,"column":null}}},"fnMap":{"0":{"name":"(anonymous_0)","decl":{"start":{"line":251,"column":40},"end":{"line":251,"column":48}},"loc":{"start":{"line":251,"column":48},"end":{"line":251,"column":null}},"line":251},"1":{"name":"(anonymous_1)","decl":{"start":{"line":266,"column":9},"end":{"line":266,"column":14}},"loc":{"start":{"line":266,"column":20},"end":{"line":266,"column":null}},"line":266},"2":{"name":"(anonymous_2)","decl":{"start":{"line":267,"column":9},"end":{"line":267,"column":17}},"loc":{"start":{"line":267,"column":17},"end":{"line":267,"column":null}},"line":267},"3":{"name":"(anonymous_3)","decl":{"start":{"line":271,"column":14},"end":{"line":271,"column":19}},"loc":{"start":{"line":271,"column":26},"end":{"line":271,"column":null}},"line":271},"4":{"name":"(anonymous_4)","decl":{"start":{"line":326,"column":9},"end":{"line":326,"column":17}},"loc":{"start":{"line":326,"column":17},"end":{"line":326,"column":null}},"line":326},"5":{"name":"(anonymous_5)","decl":{"start":{"line":342,"column":23},"end":{"line":342,"column":29}},"loc":{"start":{"line":342,"column":29},"end":{"line":342,"column":null}},"line":342},"6":{"name":"(anonymous_6)","decl":{"start":{"line":346,"column":45},"end":{"line":346,"column":51}},"loc":{"start":{"line":346,"column":57},"end":{"line":346,"column":null}},"line":346},"7":{"name":"(anonymous_7)","decl":{"start":{"line":363,"column":23},"end":{"line":363,"column":29}},"loc":{"start":{"line":363,"column":29},"end":{"line":363,"column":null}},"line":363},"8":{"name":"(anonymous_8)","decl":{"start":{"line":367,"column":45},"end":{"line":367,"column":51}},"loc":{"start":{"line":367,"column":57},"end":{"line":367,"column":null}},"line":367},"9":{"name":"(anonymous_9)","decl":{"start":{"line":445,"column":12},"end":{"line":445,"column":21}},"loc":{"start":{"line":445,"column":27},"end":{"line":445,"column":null}},"line":445},"10":{"name":"(anonymous_10)","decl":{"start":{"line":460,"column":11},"end":{"line":460,"column":17}},"loc":{"start":{"line":460,"column":20},"end":{"line":460,"column":null}},"line":460},"11":{"name":"(anonymous_11)","decl":{"start":{"line":468,"column":11},"end":{"line":468,"column":17}},"loc":{"start":{"line":468,"column":20},"end":{"line":468,"column":null}},"line":468},"12":{"name":"(anonymous_12)","decl":{"start":{"line":590,"column":11},"end":{"line":590,"column":20}},"loc":{"start":{"line":590,"column":26},"end":{"line":590,"column":null}},"line":590},"13":{"name":"(anonymous_13)","decl":{"start":{"line":647,"column":11},"end":{"line":647,"column":20}},"loc":{"start":{"line":647,"column":26},"end":{"line":647,"column":null}},"line":647},"14":{"name":"(anonymous_14)","decl":{"start":{"line":671,"column":51},"end":{"line":671,"column":null}},"loc":{"start":{"line":672,"column":7},"end":{"line":672,"column":null}},"line":672},"15":{"name":"(anonymous_15)","decl":{"start":{"line":684,"column":45},"end":{"line":684,"column":51}},"loc":{"start":{"line":684,"column":51},"end":{"line":684,"column":null}},"line":684},"16":{"name":"(anonymous_16)","decl":{"start":{"line":690,"column":60},"end":{"line":690,"column":null}},"loc":{"start":{"line":691,"column":7},"end":{"line":691,"column":null}},"line":691}},"branchMap":{"0":{"loc":{"start":{"line":30,"column":11},"end":{"line":30,"column":null}},"type":"cond-expr","locations":[{"start":{"line":30,"column":20},"end":{"line":30,"column":43}},{"start":{"line":30,"column":43},"end":{"line":30,"column":null}}],"line":30},"1":{"loc":{"start":{"line":42,"column":13},"end":{"line":42,"column":null}},"type":"if","locations":[{"start":{"line":42,"column":13},"end":{"line":42,"column":null}},{"start":{},"end":{}}],"line":42},"2":{"loc":{"start":{"line":48,"column":13},"end":{"line":48,"column":null}},"type":"if","locations":[{"start":{"line":48,"column":13},"end":{"line":48,"column":null}},{"start":{},"end":{}}],"line":48},"3":{"loc":{"start":{"line":52,"column":6},"end":{"line":52,"column":70}},"type":"binary-expr","locations":[{"start":{"line":52,"column":6},"end":{"line":52,"column":28}},{"start":{"line":52,"column":17},"end":{"line":52,"column":49}},{"start":{"line":52,"column":39},"end":{"line":52,"column":70}}],"line":52},"4":{"loc":{"start":{"line":59,"column":13},"end":{"line":59,"column":null}},"type":"if","locations":[{"start":{"line":59,"column":13},"end":{"line":59,"column":null}},{"start":{},"end":{}}],"line":59},"5":{"loc":{"start":{"line":61,"column":9},"end":{"line":61,"column":null}},"type":"cond-expr","locations":[{"start":{"line":61,"column":31},"end":{"line":61,"column":40}},{"start":{"line":61,"column":40},"end":{"line":61,"column":null}}],"line":61},"6":{"loc":{"start":{"line":65,"column":9},"end":{"line":65,"column":null}},"type":"cond-expr","locations":[{"start":{"line":65,"column":35},"end":{"line":65,"column":54}},{"start":{"line":65,"column":54},"end":{"line":65,"column":null}}],"line":65},"7":{"loc":{"start":{"line":69,"column":13},"end":{"line":69,"column":null}},"type":"if","locations":[{"start":{"line":69,"column":13},"end":{"line":69,"column":null}},{"start":{},"end":{}}],"line":69},"8":{"loc":{"start":{"line":75,"column":7},"end":{"line":75,"column":null}},"type":"if","locations":[{"start":{"line":75,"column":7},"end":{"line":75,"column":null}},{"start":{},"end":{}}],"line":75},"9":{"loc":{"start":{"line":81,"column":6},"end":{"line":81,"column":null}},"type":"if","locations":[{"start":{"line":81,"column":6},"end":{"line":81,"column":null}},{"start":{},"end":{}}],"line":81},"10":{"loc":{"start":{"line":88,"column":6},"end":{"line":88,"column":null}},"type":"if","locations":[{"start":{"line":88,"column":6},"end":{"line":88,"column":null}},{"start":{},"end":{}}],"line":88},"11":{"loc":{"start":{"line":148,"column":8},"end":{"line":148,"column":null}},"type":"if","locations":[{"start":{"line":148,"column":8},"end":{"line":148,"column":null}},{"start":{},"end":{}}],"line":148},"12":{"loc":{"start":{"line":171,"column":14},"end":{"line":171,"column":null}},"type":"binary-expr","locations":[{"start":{"line":171,"column":14},"end":{"line":171,"column":29}},{"start":{"line":171,"column":29},"end":{"line":171,"column":null}}],"line":171},"13":{"loc":{"start":{"line":172,"column":20},"end":{"line":172,"column":null}},"type":"binary-expr","locations":[{"start":{"line":172,"column":20},"end":{"line":172,"column":44}},{"start":{"line":172,"column":44},"end":{"line":172,"column":null}}],"line":172},"14":{"loc":{"start":{"line":173,"column":17},"end":{"line":173,"column":null}},"type":"binary-expr","locations":[{"start":{"line":173,"column":17},"end":{"line":173,"column":42}},{"start":{"line":173,"column":29},"end":{"line":173,"column":null}}],"line":173},"15":{"loc":{"start":{"line":214,"column":11},"end":{"line":214,"column":null}},"type":"if","locations":[{"start":{"line":214,"column":11},"end":{"line":214,"column":null}},{"start":{},"end":{}}],"line":214},"16":{"loc":{"start":{"line":226,"column":10},"end":{"line":226,"column":null}},"type":"if","locations":[{"start":{"line":226,"column":10},"end":{"line":226,"column":null}},{"start":{},"end":{}}],"line":226},"17":{"loc":{"start":{"line":239,"column":10},"end":{"line":239,"column":null}},"type":"if","locations":[{"start":{"line":239,"column":10},"end":{"line":239,"column":null}},{"start":{},"end":{}}],"line":239},"18":{"loc":{"start":{"line":283,"column":14},"end":{"line":287,"column":null}},"type":"binary-expr","locations":[{"start":{"line":283,"column":14},"end":{"line":283,"column":null}},{"start":{"line":284,"column":14},"end":{"line":284,"column":null}},{"start":{"line":285,"column":14},"end":{"line":285,"column":null}},{"start":{"line":286,"column":14},"end":{"line":286,"column":null}},{"start":{"line":287,"column":14},"end":{"line":287,"column":null}}],"line":283},"19":{"loc":{"start":{"line":288,"column":16},"end":{"line":289,"column":null}},"type":"binary-expr","locations":[{"start":{"line":288,"column":16},"end":{"line":289,"column":46}},{"start":{"line":289,"column":34},"end":{"line":289,"column":null}}],"line":288},"20":{"loc":{"start":{"line":328,"column":26},"end":{"line":328,"column":40}},"type":"binary-expr","locations":[{"start":{"line":328,"column":26},"end":{"line":328,"column":34}},{"start":{"line":328,"column":34},"end":{"line":328,"column":40}}],"line":328},"21":{"loc":{"start":{"line":328,"column":47},"end":{"line":328,"column":null}},"type":"binary-expr","locations":[{"start":{"line":328,"column":47},"end":{"line":328,"column":61}},{"start":{"line":328,"column":61},"end":{"line":328,"column":null}}],"line":328},"22":{"loc":{"start":{"line":343,"column":9},"end":{"line":343,"column":null}},"type":"if","locations":[{"start":{"line":343,"column":9},"end":{"line":343,"column":null}},{"start":{},"end":{}}],"line":343},"23":{"loc":{"start":{"line":346,"column":8},"end":{"line":346,"column":null}},"type":"if","locations":[{"start":{"line":346,"column":8},"end":{"line":346,"column":null}},{"start":{},"end":{}}],"line":346},"24":{"loc":{"start":{"line":346,"column":8},"end":{"line":346,"column":null}},"type":"binary-expr","locations":[{"start":{"line":346,"column":8},"end":{"line":346,"column":34}},{"start":{"line":346,"column":28},"end":{"line":346,"column":null}}],"line":346},"25":{"loc":{"start":{"line":364,"column":9},"end":{"line":364,"column":null}},"type":"if","locations":[{"start":{"line":364,"column":9},"end":{"line":364,"column":null}},{"start":{},"end":{}}],"line":364},"26":{"loc":{"start":{"line":367,"column":8},"end":{"line":367,"column":null}},"type":"if","locations":[{"start":{"line":367,"column":8},"end":{"line":367,"column":null}},{"start":{},"end":{}}],"line":367},"27":{"loc":{"start":{"line":367,"column":8},"end":{"line":367,"column":null}},"type":"binary-expr","locations":[{"start":{"line":367,"column":8},"end":{"line":367,"column":34}},{"start":{"line":367,"column":28},"end":{"line":367,"column":null}}],"line":367},"28":{"loc":{"start":{"line":407,"column":20},"end":{"line":407,"column":null}},"type":"binary-expr","locations":[{"start":{"line":407,"column":20},"end":{"line":407,"column":41}},{"start":{"line":407,"column":41},"end":{"line":407,"column":68}},{"start":{"line":407,"column":68},"end":{"line":407,"column":null}}],"line":407},"29":{"loc":{"start":{"line":411,"column":20},"end":{"line":411,"column":null}},"type":"binary-expr","locations":[{"start":{"line":411,"column":20},"end":{"line":411,"column":41}},{"start":{"line":411,"column":41},"end":{"line":411,"column":68}},{"start":{"line":411,"column":68},"end":{"line":411,"column":null}}],"line":411},"30":{"loc":{"start":{"line":415,"column":10},"end":{"line":416,"column":null}},"type":"cond-expr","locations":[{"start":{"line":416,"column":38},"end":{"line":416,"column":55}},{"start":{"line":416,"column":55},"end":{"line":416,"column":null}}],"line":415},"31":{"loc":{"start":{"line":417,"column":10},"end":{"line":421,"column":null}},"type":"cond-expr","locations":[{"start":{"line":419,"column":8},"end":{"line":420,"column":null}},{"start":{"line":421,"column":8},"end":{"line":421,"column":null}}],"line":417},"32":{"loc":{"start":{"line":419,"column":8},"end":{"line":420,"column":null}},"type":"binary-expr","locations":[{"start":{"line":419,"column":8},"end":{"line":419,"column":null}},{"start":{"line":420,"column":8},"end":{"line":420,"column":null}}],"line":419},"33":{"loc":{"start":{"line":424,"column":15},"end":{"line":424,"column":null}},"type":"if","locations":[{"start":{"line":424,"column":15},"end":{"line":424,"column":null}},{"start":{},"end":{}}],"line":424},"34":{"loc":{"start":{"line":431,"column":16},"end":{"line":431,"column":null}},"type":"cond-expr","locations":[{"start":{"line":431,"column":49},"end":{"line":431,"column":56}},{"start":{"line":431,"column":56},"end":{"line":431,"column":null}}],"line":431},"35":{"loc":{"start":{"line":431,"column":16},"end":{"line":431,"column":49}},"type":"binary-expr","locations":[{"start":{"line":431,"column":16},"end":{"line":431,"column":24}},{"start":{"line":431,"column":24},"end":{"line":431,"column":49}}],"line":431},"36":{"loc":{"start":{"line":438,"column":15},"end":{"line":438,"column":null}},"type":"if","locations":[{"start":{"line":438,"column":15},"end":{"line":438,"column":null}},{"start":{},"end":{}}],"line":438},"37":{"loc":{"start":{"line":442,"column":21},"end":{"line":442,"column":null}},"type":"binary-expr","locations":[{"start":{"line":442,"column":21},"end":{"line":442,"column":null}},{"start":{"line":442,"column":21},"end":{"line":442,"column":null}}],"line":442},"38":{"loc":{"start":{"line":443,"column":21},"end":{"line":443,"column":null}},"type":"binary-expr","locations":[{"start":{"line":443,"column":21},"end":{"line":443,"column":null}},{"start":{"line":443,"column":21},"end":{"line":443,"column":null}}],"line":443},"39":{"loc":{"start":{"line":456,"column":8},"end":{"line":456,"column":48}},"type":"binary-expr","locations":[{"start":{"line":456,"column":8},"end":{"line":456,"column":17}},{"start":{"line":456,"column":17},"end":{"line":456,"column":48}}],"line":456},"40":{"loc":{"start":{"line":464,"column":8},"end":{"line":464,"column":46}},"type":"binary-expr","locations":[{"start":{"line":464,"column":8},"end":{"line":464,"column":16}},{"start":{"line":464,"column":16},"end":{"line":464,"column":46}}],"line":464},"41":{"loc":{"start":{"line":479,"column":15},"end":{"line":479,"column":null}},"type":"if","locations":[{"start":{"line":479,"column":15},"end":{"line":479,"column":null}},{"start":{},"end":{}}],"line":479},"42":{"loc":{"start":{"line":489,"column":18},"end":{"line":489,"column":null}},"type":"binary-expr","locations":[{"start":{"line":489,"column":18},"end":{"line":489,"column":null}},{"start":{"line":489,"column":25},"end":{"line":489,"column":null}}],"line":489},"43":{"loc":{"start":{"line":490,"column":22},"end":{"line":490,"column":null}},"type":"binary-expr","locations":[{"start":{"line":490,"column":22},"end":{"line":490,"column":null}},{"start":{"line":490,"column":29},"end":{"line":490,"column":null}}],"line":490},"44":{"loc":{"start":{"line":498,"column":10},"end":{"line":498,"column":null}},"type":"if","locations":[{"start":{"line":498,"column":10},"end":{"line":498,"column":null}},{"start":{},"end":{}}],"line":498},"45":{"loc":{"start":{"line":510,"column":15},"end":{"line":510,"column":null}},"type":"if","locations":[{"start":{"line":510,"column":15},"end":{"line":510,"column":null}},{"start":{},"end":{}}],"line":510},"46":{"loc":{"start":{"line":516,"column":15},"end":{"line":516,"column":null}},"type":"if","locations":[{"start":{"line":516,"column":15},"end":{"line":516,"column":null}},{"start":{},"end":{}}],"line":516},"47":{"loc":{"start":{"line":534,"column":12},"end":{"line":534,"column":null}},"type":"binary-expr","locations":[{"start":{"line":534,"column":12},"end":{"line":534,"column":null}},{"start":{"line":534,"column":32},"end":{"line":534,"column":null}}],"line":534},"48":{"loc":{"start":{"line":535,"column":12},"end":{"line":535,"column":null}},"type":"binary-expr","locations":[{"start":{"line":535,"column":12},"end":{"line":535,"column":null}},{"start":{"line":535,"column":20},"end":{"line":535,"column":null}}],"line":535},"49":{"loc":{"start":{"line":538,"column":12},"end":{"line":538,"column":null}},"type":"binary-expr","locations":[{"start":{"line":538,"column":12},"end":{"line":538,"column":null}},{"start":{"line":538,"column":32},"end":{"line":538,"column":null}}],"line":538},"50":{"loc":{"start":{"line":539,"column":12},"end":{"line":539,"column":null}},"type":"binary-expr","locations":[{"start":{"line":539,"column":12},"end":{"line":539,"column":null}},{"start":{"line":539,"column":20},"end":{"line":539,"column":null}}],"line":539},"51":{"loc":{"start":{"line":542,"column":8},"end":{"line":543,"column":null}},"type":"if","locations":[{"start":{"line":542,"column":8},"end":{"line":543,"column":null}},{"start":{},"end":{}}],"line":542},"52":{"loc":{"start":{"line":543,"column":23},"end":{"line":543,"column":null}},"type":"binary-expr","locations":[{"start":{"line":543,"column":23},"end":{"line":543,"column":40}},{"start":{"line":543,"column":40},"end":{"line":543,"column":null}}],"line":543},"53":{"loc":{"start":{"line":544,"column":8},"end":{"line":544,"column":null}},"type":"if","locations":[{"start":{"line":544,"column":8},"end":{"line":544,"column":null}},{"start":{},"end":{}}],"line":544},"54":{"loc":{"start":{"line":545,"column":8},"end":{"line":548,"column":null}},"type":"if","locations":[{"start":{"line":545,"column":8},"end":{"line":548,"column":null}},{"start":{},"end":{}}],"line":545},"55":{"loc":{"start":{"line":545,"column":8},"end":{"line":545,"column":null}},"type":"binary-expr","locations":[{"start":{"line":545,"column":8},"end":{"line":545,"column":26}},{"start":{"line":545,"column":26},"end":{"line":545,"column":null}}],"line":545},"56":{"loc":{"start":{"line":605,"column":8},"end":{"line":606,"column":null}},"type":"if","locations":[{"start":{"line":605,"column":8},"end":{"line":606,"column":null}},{"start":{},"end":{}}],"line":605},"57":{"loc":{"start":{"line":606,"column":23},"end":{"line":606,"column":null}},"type":"binary-expr","locations":[{"start":{"line":606,"column":23},"end":{"line":606,"column":40}},{"start":{"line":606,"column":40},"end":{"line":606,"column":null}}],"line":606},"58":{"loc":{"start":{"line":607,"column":8},"end":{"line":607,"column":null}},"type":"if","locations":[{"start":{"line":607,"column":8},"end":{"line":607,"column":null}},{"start":{},"end":{}}],"line":607},"59":{"loc":{"start":{"line":685,"column":9},"end":{"line":685,"column":null}},"type":"if","locations":[{"start":{"line":685,"column":9},"end":{"line":685,"column":null}},{"start":{},"end":{}}],"line":685},"60":{"loc":{"start":{"line":703,"column":7},"end":{"line":703,"column":null}},"type":"if","locations":[{"start":{"line":703,"column":7},"end":{"line":703,"column":null}},{"start":{},"end":{}}],"line":703}},"s":{"0":1,"1":1,"2":1,"3":1,"4":1,"5":0,"6":0,"7":1,"8":0,"9":1,"10":1,"11":2,"12":0,"13":2,"14":0,"15":2,"16":1,"17":0,"18":1,"19":1,"20":1,"21":1,"22":0,"23":1,"24":1,"25":2,"26":0,"27":1,"28":0,"29":1,"30":1,"31":0,"32":1,"33":1,"34":1,"35":0,"36":0,"37":1,"38":1,"39":1,"40":1,"41":0,"42":1,"43":1,"44":0,"45":1,"46":1,"47":1,"48":1,"49":0,"50":1,"51":0,"52":0,"53":2,"54":2,"55":0,"56":0,"57":0,"58":0,"59":0,"60":0,"61":0,"62":0,"63":0,"64":0,"65":0,"66":0,"67":0,"68":0,"69":0,"70":0,"71":0,"72":0,"73":0,"74":0,"75":0,"76":0,"77":0,"78":2,"79":2,"80":2,"81":2,"82":1,"83":1,"84":1,"85":1,"86":1,"87":1,"88":1,"89":1,"90":1,"91":1,"92":1,"93":1,"94":1,"95":0,"96":1,"97":1,"98":1,"99":1,"100":0,"101":0,"102":0,"103":0,"104":0,"105":1,"106":0,"107":0,"108":1,"109":1,"110":0,"111":0,"112":0,"113":0,"114":0,"115":0,"116":0,"117":0,"118":0,"119":0,"120":0,"121":0,"122":0,"123":0,"124":0,"125":0,"126":0,"127":0,"128":0,"129":0,"130":0,"131":0,"132":0,"133":0,"134":0,"135":0,"136":0,"137":0,"138":0,"139":0,"140":0,"141":0,"142":0,"143":0,"144":0,"145":0,"146":0,"147":0,"148":1,"149":1,"150":1,"151":1,"152":1,"153":0,"154":1,"155":1,"156":1,"157":1,"158":1,"159":1,"160":0,"161":1,"162":1,"163":1,"164":0,"165":1,"166":1,"167":1,"168":1,"169":1,"170":1,"171":0,"172":0,"173":0,"174":0,"175":1,"176":1,"177":1,"178":0,"179":1,"180":0,"181":1,"182":0,"183":1,"184":0,"185":1,"186":1,"187":0,"188":0,"189":0,"190":0,"191":0,"192":0,"193":0,"194":0,"195":0,"196":0,"197":0,"198":0,"199":0,"200":0,"201":0,"202":0,"203":0,"204":0,"205":0,"206":0,"207":0,"208":0,"209":0,"210":0,"211":0,"212":0,"213":0,"214":0,"215":0,"216":0,"217":0,"218":0,"219":0,"220":0,"221":0,"222":0,"223":0,"224":0,"225":0,"226":0,"227":0,"228":0,"229":0,"230":0,"231":0,"232":0,"233":0,"234":0,"235":0,"236":0,"237":0,"238":0,"239":0,"240":0,"241":0,"242":0,"243":0,"244":0,"245":0,"246":0,"247":0,"248":0,"249":1,"250":1,"251":3,"252":1,"253":2},"f":{"0":0,"1":1,"2":1,"3":1,"4":0,"5":0,"6":0,"7":0,"8":0,"9":0,"10":0,"11":0,"12":0,"13":0,"14":0,"15":0,"16":0},"b":{"0":[0,1],"1":[0,1],"2":[0,2],"3":[2,2,2],"4":[0,1],"5":[0,1],"6":[1,0],"7":[0,1],"8":[2,0],"9":[0,1],"10":[0,1],"11":[0,1],"12":[1,0],"13":[1,0],"14":[1,0],"15":[0,0],"16":[0,0],"17":[0,0],"18":[1,0,0,0,0],"19":[1,1],"20":[0,0],"21":[0,0],"22":[0,0],"23":[0,0],"24":[0,0],"25":[0,0],"26":[0,0],"27":[0,0],"28":[1,0,0],"29":[1,0,0],"30":[1,0],"31":[1,0],"32":[1,1],"33":[0,1],"34":[0,1],"35":[1,0],"36":[0,1],"37":[1,0],"38":[1,0],"39":[1,1],"40":[1,1],"41":[0,1],"42":[0,0],"43":[0,0],"44":[0,1],"45":[0,0],"46":[0,0],"47":[0,0],"48":[0,0],"49":[0,0],"50":[0,0],"51":[0,0],"52":[0,0],"53":[0,0],"54":[0,0],"55":[0,0],"56":[0,0],"57":[0,0],"58":[0,0],"59":[0,0],"60":[1,2]},"meta":{"lastBranch":61,"lastFunction":17,"lastStatement":254,"seen":{"s:17:26:17:Infinity":0,"s:18:28:18:Infinity":1,"s:19:32:19:Infinity":2,"s:29:19:29:Infinity":3,"s:30:11:30:Infinity":4,"b:30:20:30:43:30:43:30:Infinity":0,"s:32:9:32:Infinity":5,"s:37:4:37:Infinity":6,"b:42:13:42:Infinity:undefined:undefined:undefined:undefined":1,"s:42:13:42:Infinity":7,"s:42:24:42:Infinity":8,"s:43:12:43:Infinity":9,"s:44:9:44:Infinity":10,"b:48:13:48:Infinity:undefined:undefined:undefined:undefined":2,"s:48:13:48:Infinity":11,"s:48:24:48:Infinity":12,"s:49:17:50:Infinity":13,"b:52:6:52:28:52:17:52:49:52:39:52:70":3,"s:53:11:53:Infinity":14,"s:55:9:55:Infinity":15,"b:59:13:59:Infinity:undefined:undefined:undefined:undefined":4,"s:59:13:59:Infinity":16,"s:59:24:59:Infinity":17,"s:60:22:60:Infinity":18,"s:61:9:61:Infinity":19,"b:61:31:61:40:61:40:61:Infinity":5,"s:65:9:65:Infinity":20,"b:65:35:65:54:65:54:65:Infinity":6,"b:69:13:69:Infinity:undefined:undefined:undefined:undefined":7,"s:69:13:69:Infinity":21,"s:69:26:69:Infinity":22,"s:70:2:70:Infinity":23,"s:71:2:71:Infinity":24,"b:75:7:75:Infinity:undefined:undefined:undefined:undefined":8,"s:75:7:75:Infinity":25,"s:76:9:76:Infinity":26,"s:80:19:80:Infinity":27,"b:81:6:81:Infinity:undefined:undefined:undefined:undefined":9,"s:81:6:81:Infinity":28,"s:83:9:83:Infinity":29,"s:87:19:87:Infinity":30,"b:88:6:88:Infinity:undefined:undefined:undefined:undefined":10,"s:88:6:88:Infinity":31,"s:89:12:89:Infinity":32,"s:135:2:135:Infinity":33,"s:136:24:136:Infinity":34,"s:139:6:139:Infinity":35,"s:140:6:140:Infinity":36,"s:143:2:143:Infinity":37,"s:415:10:416:Infinity":38,"s:417:10:421:Infinity":39,"b:148:8:148:Infinity:undefined:undefined:undefined:undefined":11,"s:148:8:148:Infinity":40,"s:148:17:148:Infinity":41,"s:151:25:151:Infinity":42,"s:152:26:152:Infinity":43,"s:162:10:162:Infinity":44,"s:167:8:167:Infinity":45,"s:168:25:168:Infinity":46,"b:171:14:171:29:171:29:171:Infinity":12,"b:172:20:172:44:172:44:172:Infinity":13,"b:173:17:173:42:173:29:173:Infinity":14,"s:177:14:180:Infinity":47,"s:184:8:184:Infinity":48,"s:189:12:189:Infinity":49,"s:194:13:194:Infinity":50,"s:196:6:196:Infinity":51,"s:197:13:197:Infinity":52,"s:203:12:204:Infinity":53,"s:206:6:206:Infinity":54,"s:208:6:208:Infinity":55,"b:214:11:214:Infinity:undefined:undefined:undefined:undefined":15,"s:214:11:214:Infinity":56,"s:215:12:215:Infinity":57,"s:217:6:217:Infinity":58,"s:219:6:219:Infinity":59,"s:220:12:220:Infinity":60,"b:226:10:226:Infinity:undefined:undefined:undefined:undefined":16,"s:226:10:226:Infinity":61,"s:226:31:226:Infinity":62,"s:227:12:228:Infinity":63,"s:230:13:230:Infinity":64,"s:232:6:232:Infinity":65,"s:233:12:233:Infinity":66,"b:239:10:239:Infinity:undefined:undefined:undefined:undefined":17,"s:239:10:239:Infinity":67,"s:239:31:239:Infinity":68,"s:240:12:240:Infinity":69,"s:241:13:241:Infinity":70,"s:243:6:243:Infinity":71,"s:244:12:244:Infinity":72,"s:250:12:250:Infinity":73,"s:251:6:251:Infinity":74,"f:251:40:251:48":0,"s:251:48:251:Infinity":75,"s:253:6:253:Infinity":76,"s:254:12:254:Infinity":77,"s:260:12:260:Infinity":78,"s:261:20:261:Infinity":79,"s:262:6:262:Infinity":80,"s:265:18:267:Infinity":81,"f:266:9:266:14":1,"s:266:20:266:Infinity":82,"f:267:9:267:17":2,"s:267:17:267:Infinity":83,"s:270:14:271:Infinity":84,"f:271:14:271:19":3,"s:271:26:271:Infinity":85,"s:274:14:274:Infinity":86,"s:275:14:275:Infinity":87,"s:276:21:276:24":88,"s:277:25:277:Infinity":89,"s:278:21:278:Infinity":90,"s:280:31:280:Infinity":91,"s:283:14:287:Infinity":92,"b:283:14:283:Infinity:284:14:284:Infinity:285:14:285:Infinity:286:14:286:Infinity:287:14:287:Infinity":18,"s:288:12:289:Infinity":93,"b:288:16:289:46:289:34:289:Infinity":19,"s:291:14:291:Infinity":94,"s:293:14:293:Infinity":95,"s:297:8:297:Infinity":96,"s:298:8:298:Infinity":97,"s:300:8:300:Infinity":98,"s:301:8:301:Infinity":99,"s:304:6:304:Infinity":100,"s:310:12:311:Infinity":101,"s:313:6:313:Infinity":102,"s:314:6:314:Infinity":103,"s:316:6:316:Infinity":104,"s:322:12:323:Infinity":105,"f:326:9:326:17":4,"s:326:17:326:Infinity":106,"s:328:19:328:Infinity":107,"b:328:26:328:34:328:34:328:40":20,"b:328:47:328:61:328:61:328:Infinity":21,"s:330:6:330:Infinity":108,"s:331:6:331:Infinity":109,"s:333:6:333:Infinity":110,"s:339:4:339:Infinity":111,"s:341:4:341:Infinity":112,"s:342:17:342:Infinity":113,"f:342:23:342:29":5,"s:342:29:342:Infinity":114,"b:343:9:343:Infinity:undefined:undefined:undefined:undefined":22,"s:343:9:343:Infinity":115,"s:344:18:344:Infinity":116,"b:346:8:346:Infinity:undefined:undefined:undefined:undefined":23,"s:346:8:346:Infinity":117,"b:346:8:346:34:346:28:346:Infinity":24,"f:346:45:346:51":6,"s:346:57:346:Infinity":118,"s:346:73:346:Infinity":119,"s:348:4:348:Infinity":120,"s:349:4:349:Infinity":121,"s:351:6:351:Infinity":122,"s:353:6:353:Infinity":123,"s:358:4:358:Infinity":124,"s:359:4:359:Infinity":125,"s:360:4:360:Infinity":126,"s:362:4:362:Infinity":127,"s:363:17:363:Infinity":128,"f:363:23:363:29":7,"s:363:29:363:Infinity":129,"b:364:9:364:Infinity:undefined:undefined:undefined:undefined":25,"s:364:9:364:Infinity":130,"s:365:18:365:Infinity":131,"b:367:8:367:Infinity:undefined:undefined:undefined:undefined":26,"s:367:8:367:Infinity":132,"b:367:8:367:34:367:28:367:Infinity":27,"f:367:45:367:51":8,"s:367:57:367:Infinity":133,"s:367:73:367:Infinity":134,"s:369:4:369:Infinity":135,"s:370:4:370:Infinity":136,"s:372:6:372:Infinity":137,"s:374:6:374:Infinity":138,"s:380:6:380:Infinity":139,"s:382:8:382:Infinity":140,"s:385:6:385:Infinity":141,"s:390:4:390:Infinity":142,"s:392:6:392:Infinity":143,"s:394:4:394:Infinity":144,"s:395:4:395:Infinity":145,"s:399:4:399:Infinity":146,"s:401:6:401:Infinity":147,"s:407:20:407:Infinity":148,"b:407:20:407:41:407:41:407:68:407:68:407:Infinity":28,"s:408:28:408:Infinity":149,"s:411:20:411:Infinity":150,"b:411:20:411:41:411:41:411:68:411:68:411:Infinity":29,"s:412:36:412:Infinity":151,"b:416:38:416:55:416:55:416:Infinity":30,"b:419:8:420:Infinity:421:8:421:Infinity":31,"b:419:8:419:Infinity:420:8:420:Infinity":32,"b:424:15:424:Infinity:undefined:undefined:undefined:undefined":33,"s:424:15:424:Infinity":152,"s:424:28:424:Infinity":153,"s:425:15:425:Infinity":154,"s:427:6:427:Infinity":155,"s:428:6:428:Infinity":156,"s:429:6:429:Infinity":157,"s:431:4:431:Infinity":158,"b:431:49:431:56:431:56:431:Infinity":34,"b:431:16:431:24:431:24:431:49":35,"b:438:15:438:Infinity:undefined:undefined:undefined:undefined":36,"s:438:15:438:Infinity":159,"s:438:28:438:Infinity":160,"s:440:17:440:Infinity":161,"s:441:10:443:Infinity":162,"b:442:21:442:Infinity:442:21:442:Infinity":37,"b:443:21:443:Infinity:443:21:443:Infinity":38,"s:445:4:445:Infinity":163,"f:445:12:445:21":9,"s:445:27:445:Infinity":164,"s:447:20:447:Infinity":165,"s:448:18:448:Infinity":166,"s:450:6:450:Infinity":167,"s:451:6:451:Infinity":168,"s:452:6:452:Infinity":169,"s:454:14:454:Infinity":170,"b:456:8:456:17:456:17:456:48":39,"s:457:6:462:Infinity":171,"f:460:11:460:17":10,"s:460:20:460:Infinity":172,"b:464:8:464:16:464:16:464:46":40,"s:465:6:470:Infinity":173,"f:468:11:468:17":11,"s:468:20:468:Infinity":174,"s:472:4:472:Infinity":175,"s:474:6:474:Infinity":176,"b:479:15:479:Infinity:undefined:undefined:undefined:undefined":41,"s:479:15:479:Infinity":177,"s:479:26:479:Infinity":178,"s:481:21:481:Infinity":179,"s:483:23:483:Infinity":180,"b:489:18:489:Infinity:489:25:489:Infinity":42,"b:490:22:490:Infinity:490:29:490:Infinity":43,"s:493:25:493:Infinity":181,"s:495:8:495:Infinity":182,"b:498:10:498:Infinity:undefined:undefined:undefined:undefined":44,"s:498:10:498:Infinity":183,"s:498:37:498:Infinity":184,"s:499:6:499:Infinity":185,"s:500:6:502:Infinity":186,"s:505:6:505:Infinity":187,"b:510:15:510:Infinity:undefined:undefined:undefined:undefined":45,"s:510:15:510:Infinity":188,"s:510:26:510:Infinity":189,"s:511:16:511:Infinity":190,"s:512:4:512:Infinity":191,"b:516:15:516:Infinity:undefined:undefined:undefined:undefined":46,"s:516:15:516:Infinity":192,"s:516:26:516:Infinity":193,"s:517:16:517:Infinity":194,"s:518:4:518:Infinity":195,"b:534:12:534:Infinity:534:32:534:Infinity":47,"b:535:12:535:Infinity:535:20:535:Infinity":48,"b:538:12:538:Infinity:538:32:538:Infinity":49,"b:539:12:539:Infinity:539:20:539:Infinity":50,"b:542:8:543:Infinity:undefined:undefined:undefined:undefined":51,"s:542:8:543:Infinity":196,"s:543:6:543:Infinity":197,"b:543:23:543:40:543:40:543:Infinity":52,"b:544:8:544:Infinity:undefined:undefined:undefined:undefined":53,"s:544:8:544:Infinity":198,"s:544:42:544:Infinity":199,"b:545:8:548:Infinity:undefined:undefined:undefined:undefined":54,"s:545:8:548:Infinity":200,"b:545:8:545:26:545:26:545:Infinity":55,"s:546:6:548:Infinity":201,"s:550:4:550:Infinity":202,"s:564:6:564:Infinity":203,"s:568:6:568:Infinity":204,"s:569:6:569:Infinity":205,"s:589:19:589:Infinity":206,"s:590:6:590:Infinity":207,"f:590:11:590:20":12,"s:590:26:590:Infinity":208,"s:592:22:592:Infinity":209,"s:593:6:593:Infinity":210,"s:604:4:604:Infinity":211,"b:605:8:606:Infinity:undefined:undefined:undefined:undefined":56,"s:605:8:606:Infinity":212,"s:606:6:606:Infinity":213,"b:606:23:606:40:606:40:606:Infinity":57,"b:607:8:607:Infinity:undefined:undefined:undefined:undefined":58,"s:607:8:607:Infinity":214,"s:607:42:607:Infinity":215,"s:608:4:608:Infinity":216,"s:612:4:612:Infinity":217,"s:613:4:613:Infinity":218,"s:614:4:614:Infinity":219,"s:615:4:615:Infinity":220,"s:617:6:617:Infinity":221,"s:618:6:618:Infinity":222,"s:620:4:620:Infinity":223,"s:625:4:625:Infinity":224,"s:626:4:626:Infinity":225,"s:646:19:646:Infinity":226,"s:647:6:647:Infinity":227,"f:647:11:647:20":13,"s:647:26:647:Infinity":228,"s:648:22:648:Infinity":229,"s:649:6:649:Infinity":230,"s:651:4:651:Infinity":231,"s:657:6:657:Infinity":232,"s:659:6:659:Infinity":233,"s:662:6:664:Infinity":234,"s:667:4:667:Infinity":235,"s:671:24:672:Infinity":236,"f:671:51:671:Infinity":14,"s:672:7:672:Infinity":237,"s:674:21:674:Infinity":238,"s:676:6:676:Infinity":239,"s:678:6:678:Infinity":240,"s:680:4:680:Infinity":241,"s:684:18:684:Infinity":242,"f:684:45:684:51":15,"s:684:51:684:Infinity":243,"b:685:9:685:Infinity:undefined:undefined:undefined:undefined":59,"s:685:9:685:Infinity":244,"s:686:4:686:Infinity":245,"s:690:4:691:Infinity":246,"f:690:60:690:Infinity":16,"s:691:7:691:Infinity":247,"s:693:4:693:Infinity":248,"s:697:13:697:Infinity":249,"s:699:0:699:Infinity":250,"b:703:7:703:Infinity:undefined:undefined:undefined:undefined":60,"s:703:7:703:Infinity":251,"s:703:17:703:Infinity":252,"s:704:11:704:Infinity":253}}}
,"C:\\Users\\shevoK\\Documents\\GitHub\\Openremote-Alarm-app\\src\\lib\\utils.ts": {"path":"C:\\Users\\shevoK\\Documents\\GitHub\\Openremote-Alarm-app\\src\\lib\\utils.ts","statementMap":{"0":{"start":{"line":6,"column":2},"end":{"line":6,"column":null}},"1":{"start":{"line":20,"column":52},"end":{"line":30,"column":null}},"2":{"start":{"line":32,"column":56},"end":{"line":37,"column":null}},"3":{"start":{"line":40,"column":2},"end":{"line":42,"column":null}},"4":{"start":{"line":46,"column":2},"end":{"line":48,"column":null}},"5":{"start":{"line":52,"column":2},"end":{"line":52,"column":null}},"6":{"start":{"line":52,"column":15},"end":{"line":52,"column":null}},"7":{"start":{"line":53,"column":2},"end":{"line":57,"column":null}},"8":{"start":{"line":56,"column":19},"end":{"line":56,"column":60}},"9":{"start":{"line":63,"column":2},"end":{"line":63,"column":null}},"10":{"start":{"line":63,"column":17},"end":{"line":63,"column":null}},"11":{"start":{"line":64,"column":16},"end":{"line":64,"column":38}},"12":{"start":{"line":65,"column":2},"end":{"line":65,"column":null}}},"fnMap":{"0":{"name":"(anonymous_0)","decl":{"start":{"line":56,"column":5},"end":{"line":56,"column":10}},"loc":{"start":{"line":56,"column":19},"end":{"line":56,"column":60}},"line":56}},"branchMap":{"0":{"loc":{"start":{"line":40,"column":9},"end":{"line":42,"column":null}},"type":"cond-expr","locations":[{"start":{"line":41,"column":7},"end":{"line":41,"column":null}},{"start":{"line":42,"column":6},"end":{"line":42,"column":null}}],"line":40},"1":{"loc":{"start":{"line":41,"column":7},"end":{"line":41,"column":null}},"type":"binary-expr","locations":[{"start":{"line":41,"column":7},"end":{"line":41,"column":33}},{"start":{"line":41,"column":33},"end":{"line":41,"column":null}}],"line":41},"2":{"loc":{"start":{"line":46,"column":9},"end":{"line":48,"column":null}},"type":"cond-expr","locations":[{"start":{"line":47,"column":7},"end":{"line":47,"column":null}},{"start":{"line":48,"column":6},"end":{"line":48,"column":null}}],"line":46},"3":{"loc":{"start":{"line":47,"column":7},"end":{"line":47,"column":null}},"type":"binary-expr","locations":[{"start":{"line":47,"column":7},"end":{"line":47,"column":37}},{"start":{"line":47,"column":37},"end":{"line":47,"column":null}}],"line":47},"4":{"loc":{"start":{"line":52,"column":2},"end":{"line":52,"column":null}},"type":"if","locations":[{"start":{"line":52,"column":2},"end":{"line":52,"column":null}},{"start":{},"end":{}}],"line":52},"5":{"loc":{"start":{"line":63,"column":2},"end":{"line":63,"column":null}},"type":"if","locations":[{"start":{"line":63,"column":2},"end":{"line":63,"column":null}},{"start":{},"end":{}}],"line":63}},"s":{"0":350,"1":11,"2":11,"3":13,"4":13,"5":9,"6":0,"7":9,"8":9,"9":9,"10":1,"11":8,"12":8},"f":{"0":9},"b":{"0":[11,2],"1":[11,0],"2":[10,3],"3":[10,0],"4":[0,9],"5":[1,8]},"meta":{"lastBranch":6,"lastFunction":1,"lastStatement":13,"seen":{"s:6:2:6:Infinity":0,"s:20:52:30:Infinity":1,"s:32:56:37:Infinity":2,"s:40:2:42:Infinity":3,"b:41:7:41:Infinity:42:6:42:Infinity":0,"b:41:7:41:33:41:33:41:Infinity":1,"s:46:2:48:Infinity":4,"b:47:7:47:Infinity:48:6:48:Infinity":2,"b:47:7:47:37:47:37:47:Infinity":3,"b:52:2:52:Infinity:undefined:undefined:undefined:undefined":4,"s:52:2:52:Infinity":5,"s:52:15:52:Infinity":6,"s:53:2:57:Infinity":7,"f:56:5:56:10":0,"s:56:19:56:60":8,"b:63:2:63:Infinity:undefined:undefined:undefined:undefined":5,"s:63:2:63:Infinity":9,"s:63:17:63:Infinity":10,"s:64:16:64:38":11,"s:65:2:65:Infinity":12}}}
,"C:\\Users\\shevoK\\Documents\\GitHub\\Openremote-Alarm-app\\src\\lib\\components\\AddAlarmForm.svelte": {"path":"C:\\Users\\shevoK\\Documents\\GitHub\\Openremote-Alarm-app\\src\\lib\\components\\AddAlarmForm.svelte","statementMap":{"0":{"start":{"line":2,"column":18},"end":{"line":5,"column":null}},"1":{"start":{"line":60,"column":37},"end":{"line":60,"column":null}},"2":{"start":{"line":61,"column":20},"end":{"line":74,"column":null}},"3":{"start":{"line":62,"column":15},"end":{"line":73,"column":null}},"4":{"start":{"line":63,"column":21},"end":{"line":63,"column":72}},"5":{"start":{"line":64,"column":22},"end":{"line":69,"column":23}},"6":{"start":{"line":70,"column":10},"end":{"line":72,"column":null}},"7":{"start":{"line":71,"column":8},"end":{"line":71,"column":null}},"8":{"start":{"line":76,"column":18},"end":{"line":76,"column":null}},"9":{"start":{"line":78,"column":21},"end":{"line":80,"column":null}},"10":{"start":{"line":79,"column":4},"end":{"line":80,"column":null}},"11":{"start":{"line":80,"column":6},"end":{"line":80,"column":null}},"12":{"start":{"line":84,"column":24},"end":{"line":89,"column":null}},"13":{"start":{"line":87,"column":19},"end":{"line":87,"column":null}},"14":{"start":{"line":89,"column":22},"end":{"line":89,"column":37}},"15":{"start":{"line":92,"column":19},"end":{"line":92,"column":null}},"16":{"start":{"line":92,"column":19},"end":{"line":92,"column":77}},"17":{"start":{"line":94,"column":17},"end":{"line":94,"column":null}},"18":{"start":{"line":94,"column":17},"end":{"line":94,"column":72}},"19":{"start":{"line":96,"column":16},"end":{"line":96,"column":null}},"20":{"start":{"line":98,"column":20},"end":{"line":117,"column":3}},"21":{"start":{"line":99,"column":4},"end":{"line":99,"column":null}},"22":{"start":{"line":100,"column":9},"end":{"line":100,"column":null}},"23":{"start":{"line":100,"column":32},"end":{"line":100,"column":null}},"24":{"start":{"line":101,"column":4},"end":{"line":101,"column":null}},"25":{"start":{"line":102,"column":8},"end":{"line":116,"column":null}},"26":{"start":{"line":103,"column":24},"end":{"line":112,"column":null}},"27":{"start":{"line":104,"column":34},"end":{"line":106,"column":null}},"28":{"start":{"line":109,"column":14},"end":{"line":109,"column":null}},"29":{"start":{"line":111,"column":14},"end":{"line":111,"column":null}},"30":{"start":{"line":113,"column":6},"end":{"line":113,"column":null}},"31":{"start":{"line":115,"column":6},"end":{"line":115,"column":null}},"32":{"start":{"line":126,"column":96},"end":{"line":127,"column":null}},"33":{"start":{"line":130,"column":11},"end":{"line":130,"column":null}},"34":{"start":{"line":130,"column":11},"end":{"line":130,"column":30}},"35":{"start":{"line":134,"column":96},"end":{"line":135,"column":null}},"36":{"start":{"line":138,"column":11},"end":{"line":138,"column":null}},"37":{"start":{"line":138,"column":11},"end":{"line":138,"column":28}},"38":{"start":{"line":141,"column":11},"end":{"line":143,"column":null}},"39":{"start":{"line":147,"column":59},"end":{"line":147,"column":null}},"40":{"start":{"line":156,"column":17},"end":{"line":156,"column":null}},"41":{"start":{"line":156,"column":17},"end":{"line":156,"column":116}},"42":{"start":{"line":156,"column":51},"end":{"line":156,"column":116}},"43":{"start":{"line":156,"column":123},"end":{"line":156,"column":140}},"44":{"start":{"line":158,"column":15},"end":{"line":158,"column":null}},"45":{"start":{"line":154,"column":11},"end":{"line":154,"column":null}},"46":{"start":{"line":154,"column":38},"end":{"line":154,"column":null}},"47":{"start":{"line":174,"column":22},"end":{"line":174,"column":28}},"48":{"start":{"line":174,"column":22},"end":{"line":174,"column":27}},"49":{"start":{"line":174,"column":27},"end":{"line":174,"column":28}},"50":{"start":{"line":174,"column":22},"end":{"line":174,"column":null}},"51":{"start":{"line":185,"column":22},"end":{"line":185,"column":28}},"52":{"start":{"line":185,"column":22},"end":{"line":185,"column":27}},"53":{"start":{"line":185,"column":27},"end":{"line":185,"column":28}},"54":{"start":{"line":185,"column":22},"end":{"line":185,"column":null}},"55":{"start":{"line":193,"column":49},"end":{"line":193,"column":55}},"56":{"start":{"line":193,"column":49},"end":{"line":193,"column":54}},"57":{"start":{"line":193,"column":54},"end":{"line":193,"column":55}},"58":{"start":{"line":193,"column":49},"end":{"line":193,"column":null}},"59":{"start":{"line":197,"column":15},"end":{"line":197,"column":null}},"60":{"start":{"line":197,"column":15},"end":{"line":197,"column":34}},"61":{"start":{"line":202,"column":23},"end":{"line":202,"column":null}},"62":{"start":{"line":202,"column":23},"end":{"line":202,"column":33}},"63":{"start":{"line":202,"column":47},"end":{"line":202,"column":55}},"64":{"start":{"line":205,"column":27},"end":{"line":205,"column":null}},"65":{"start":{"line":204,"column":27},"end":{"line":204,"column":null}},"66":{"start":{"line":207,"column":21},"end":{"line":207,"column":null}},"67":{"start":{"line":207,"column":21},"end":{"line":207,"column":40}},"68":{"start":{"line":217,"column":49},"end":{"line":217,"column":55}},"69":{"start":{"line":217,"column":49},"end":{"line":217,"column":54}},"70":{"start":{"line":217,"column":54},"end":{"line":217,"column":55}},"71":{"start":{"line":217,"column":49},"end":{"line":217,"column":null}},"72":{"start":{"line":221,"column":15},"end":{"line":221,"column":null}},"73":{"start":{"line":221,"column":15},"end":{"line":221,"column":32}},"74":{"start":{"line":226,"column":23},"end":{"line":226,"column":null}},"75":{"start":{"line":226,"column":23},"end":{"line":226,"column":31}},"76":{"start":{"line":226,"column":43},"end":{"line":226,"column":49}},"77":{"start":{"line":227,"column":53},"end":{"line":227,"column":null}},"78":{"start":{"line":227,"column":38},"end":{"line":227,"column":53}},"79":{"start":{"line":228,"column":21},"end":{"line":228,"column":null}},"80":{"start":{"line":228,"column":21},"end":{"line":228,"column":38}},"81":{"start":{"line":240,"column":49},"end":{"line":240,"column":55}},"82":{"start":{"line":240,"column":49},"end":{"line":240,"column":54}},"83":{"start":{"line":240,"column":54},"end":{"line":240,"column":55}},"84":{"start":{"line":240,"column":49},"end":{"line":240,"column":null}},"85":{"start":{"line":244,"column":15},"end":{"line":248,"column":null}},"86":{"start":{"line":246,"column":29},"end":{"line":246,"column":null}},"87":{"start":{"line":253,"column":23},"end":{"line":253,"column":null}},"88":{"start":{"line":253,"column":23},"end":{"line":253,"column":41}},"89":{"start":{"line":253,"column":55},"end":{"line":253,"column":69}},"90":{"start":{"line":255,"column":27},"end":{"line":255,"column":null}},"91":{"start":{"line":255,"column":27},"end":{"line":255,"column":47}},"92":{"start":{"line":256,"column":27},"end":{"line":256,"column":null}},"93":{"start":{"line":258,"column":21},"end":{"line":258,"column":null}},"94":{"start":{"line":268,"column":51},"end":{"line":268,"column":null}},"95":{"start":{"line":272,"column":15},"end":{"line":272,"column":null}},"96":{"start":{"line":272,"column":15},"end":{"line":272,"column":31}},"97":{"start":{"line":272,"column":15},"end":{"line":272,"column":61}},"98":{"start":{"line":277,"column":23},"end":{"line":277,"column":null}},"99":{"start":{"line":277,"column":23},"end":{"line":277,"column":40}},"100":{"start":{"line":277,"column":47},"end":{"line":277,"column":64}},"101":{"start":{"line":279,"column":27},"end":{"line":279,"column":null}},"102":{"start":{"line":279,"column":27},"end":{"line":279,"column":50}},"103":{"start":{"line":280,"column":27},"end":{"line":280,"column":null}},"104":{"start":{"line":282,"column":21},"end":{"line":282,"column":null}},"105":{"start":{"line":300,"column":27},"end":{"line":300,"column":null}},"106":{"start":{"line":300,"column":29},"end":{"line":300,"column":null}},"107":{"start":{"line":311,"column":41},"end":{"line":311,"column":null}},"108":{"start":{"line":312,"column":11},"end":{"line":312,"column":null}},"109":{"start":{"line":166,"column":36},"end":{"line":166,"column":null}}},"fnMap":{"0":{"name":"(anonymous_0)","decl":{"start":{"line":78,"column":21},"end":{"line":78,"column":null}},"loc":{"start":{"line":79,"column":4},"end":{"line":80,"column":null}},"line":79},"1":{"name":"(anonymous_1)","decl":{"start":{"line":79,"column":26},"end":{"line":79,"column":28}},"loc":{"start":{"line":80,"column":6},"end":{"line":80,"column":null}},"line":80},"2":{"name":"(anonymous_2)","decl":{"start":{"line":84,"column":24},"end":{"line":84,"column":null}},"loc":{"start":{"line":84,"column":24},"end":{"line":89,"column":null}},"line":84},"3":{"name":"(anonymous_3)","decl":{"start":{"line":86,"column":13},"end":{"line":86,"column":null}},"loc":{"start":{"line":87,"column":19},"end":{"line":87,"column":null}},"line":87},"4":{"name":"(anonymous_4)","decl":{"start":{"line":89,"column":10},"end":{"line":89,"column":12}},"loc":{"start":{"line":89,"column":22},"end":{"line":89,"column":37}},"line":89},"5":{"name":"(anonymous_5)","decl":{"start":{"line":92,"column":19},"end":{"line":92,"column":46}},"loc":{"start":{"line":92,"column":19},"end":{"line":92,"column":77}},"line":92},"6":{"name":"(anonymous_6)","decl":{"start":{"line":94,"column":17},"end":{"line":94,"column":36}},"loc":{"start":{"line":94,"column":17},"end":{"line":94,"column":72}},"line":94},"7":{"name":"(anonymous_7)","decl":{"start":{"line":98,"column":20},"end":{"line":98,"column":30}},"loc":{"start":{"line":98,"column":54},"end":{"line":117,"column":3}},"line":98},"8":{"name":"(anonymous_8)","decl":{"start":{"line":126,"column":96},"end":{"line":126,"column":114}},"loc":{"start":{"line":126,"column":96},"end":{"line":127,"column":null}},"line":126},"9":{"name":"(anonymous_9)","decl":{"start":{"line":130,"column":11},"end":{"line":130,"column":30}},"loc":{"start":{"line":130,"column":11},"end":{"line":130,"column":30}},"line":130},"10":{"name":"(anonymous_10)","decl":{"start":{"line":134,"column":96},"end":{"line":134,"column":112}},"loc":{"start":{"line":134,"column":96},"end":{"line":135,"column":null}},"line":134},"11":{"name":"(anonymous_11)","decl":{"start":{"line":138,"column":11},"end":{"line":138,"column":28}},"loc":{"start":{"line":138,"column":11},"end":{"line":138,"column":28}},"line":138},"12":{"name":"(anonymous_12)","decl":{"start":{"line":141,"column":11},"end":{"line":141,"column":23}},"loc":{"start":{"line":141,"column":11},"end":{"line":143,"column":null}},"line":141},"13":{"name":"(anonymous_13)","decl":{"start":{"line":147,"column":59},"end":{"line":147,"column":70}},"loc":{"start":{"line":147,"column":59},"end":{"line":147,"column":null}},"line":147},"14":{"name":"(anonymous_14)","decl":{"start":{"line":156,"column":17},"end":{"line":156,"column":25}},"loc":{"start":{"line":156,"column":17},"end":{"line":156,"column":116}},"line":156},"15":{"name":"(anonymous_15)","decl":{"start":{"line":156,"column":39},"end":{"line":156,"column":41}},"loc":{"start":{"line":156,"column":51},"end":{"line":156,"column":116}},"line":156},"16":{"name":"(anonymous_16)","decl":{"start":{"line":156,"column":110},"end":{"line":156,"column":116}},"loc":{"start":{"line":156,"column":123},"end":{"line":156,"column":140}},"line":156},"17":{"name":"(anonymous_17)","decl":{"start":{"line":158,"column":15},"end":{"line":158,"column":20}},"loc":{"start":{"line":158,"column":15},"end":{"line":158,"column":null}},"line":158},"18":{"name":"(anonymous_18)","decl":{"start":{"line":174,"column":22},"end":{"line":174,"column":27}},"loc":{"start":{"line":174,"column":22},"end":{"line":174,"column":27}},"line":174},"19":{"name":"(anonymous_19)","decl":{"start":{"line":174,"column":27},"end":{"line":174,"column":28}},"loc":{"start":{"line":174,"column":27},"end":{"line":174,"column":28}},"line":174},"20":{"name":"(anonymous_20)","decl":{"start":{"line":185,"column":22},"end":{"line":185,"column":27}},"loc":{"start":{"line":185,"column":22},"end":{"line":185,"column":27}},"line":185},"21":{"name":"(anonymous_21)","decl":{"start":{"line":185,"column":27},"end":{"line":185,"column":28}},"loc":{"start":{"line":185,"column":27},"end":{"line":185,"column":28}},"line":185},"22":{"name":"(anonymous_22)","decl":{"start":{"line":193,"column":49},"end":{"line":193,"column":54}},"loc":{"start":{"line":193,"column":49},"end":{"line":193,"column":54}},"line":193},"23":{"name":"(anonymous_23)","decl":{"start":{"line":193,"column":54},"end":{"line":193,"column":55}},"loc":{"start":{"line":193,"column":54},"end":{"line":193,"column":55}},"line":193},"24":{"name":"(anonymous_24)","decl":{"start":{"line":197,"column":15},"end":{"line":197,"column":34}},"loc":{"start":{"line":197,"column":15},"end":{"line":197,"column":34}},"line":197},"25":{"name":"(anonymous_25)","decl":{"start":{"line":202,"column":23},"end":{"line":202,"column":33}},"loc":{"start":{"line":202,"column":23},"end":{"line":202,"column":33}},"line":202},"26":{"name":"(anonymous_26)","decl":{"start":{"line":202,"column":33},"end":{"line":202,"column":37}},"loc":{"start":{"line":202,"column":47},"end":{"line":202,"column":55}},"line":202},"27":{"name":"(anonymous_27)","decl":{"start":{"line":205,"column":27},"end":{"line":205,"column":46}},"loc":{"start":{"line":205,"column":27},"end":{"line":205,"column":null}},"line":205},"28":{"name":"(anonymous_28)","decl":{"start":{"line":207,"column":21},"end":{"line":207,"column":40}},"loc":{"start":{"line":207,"column":21},"end":{"line":207,"column":40}},"line":207},"29":{"name":"(anonymous_29)","decl":{"start":{"line":217,"column":49},"end":{"line":217,"column":54}},"loc":{"start":{"line":217,"column":49},"end":{"line":217,"column":54}},"line":217},"30":{"name":"(anonymous_30)","decl":{"start":{"line":217,"column":54},"end":{"line":217,"column":55}},"loc":{"start":{"line":217,"column":54},"end":{"line":217,"column":55}},"line":217},"31":{"name":"(anonymous_31)","decl":{"start":{"line":221,"column":15},"end":{"line":221,"column":32}},"loc":{"start":{"line":221,"column":15},"end":{"line":221,"column":32}},"line":221},"32":{"name":"(anonymous_32)","decl":{"start":{"line":226,"column":23},"end":{"line":226,"column":31}},"loc":{"start":{"line":226,"column":23},"end":{"line":226,"column":31}},"line":226},"33":{"name":"(anonymous_33)","decl":{"start":{"line":226,"column":31},"end":{"line":226,"column":35}},"loc":{"start":{"line":226,"column":43},"end":{"line":226,"column":49}},"line":226},"34":{"name":"(anonymous_34)","decl":{"start":{"line":227,"column":53},"end":{"line":227,"colum
[...]
63":7,"b:45:9:45:Infinity:undefined:undefined:undefined:undefined":1,"s:45:9:45:Infinity":8,"s:45:16:45:Infinity":9,"s:46:17:46:Infinity":10,"s:47:22:47:Infinity":11,"s:48:13:48:Infinity":12,"s:49:4:49:Infinity":13,"s:52:21:56:Infinity":14,"f:52:21:52:Infinity":3,"s:53:4:56:Infinity":15,"f:53:26:53:28":4,"s:54:6:56:Infinity":16,"f:54:23:54:Infinity":5,"s:55:18:56:Infinity":17,"s:61:17:62:Infinity":18,"f:61:17:61:Infinity":6,"s:61:17:62:77":19,"f:62:24:62:26":7,"s:62:31:62:71":20,"s:64:23:66:Infinity":21,"f:64:23:64:Infinity":8,"s:64:23:66:13":22,"f:65:24:65:26":9,"s:65:31:65:Infinity":23,"f:70:11:70:30":10,"b:71:9:71:Infinity:undefined:undefined:undefined:undefined":2,"s:71:9:71:Infinity":24,"s:71:14:71:Infinity":25,"s:72:23:72:39":26,"b:73:9:73:Infinity:undefined:undefined:undefined:undefined":3,"s:73:9:73:Infinity":27,"s:73:14:73:Infinity":28,"b:74:8:74:Infinity:undefined:undefined:undefined:undefined":4,"s:74:8:74:Infinity":29,"s:74:27:74:Infinity":30,"s:76:11:76:Infinity":31,"f:76:33:76:35":11,"s:76:39:76:Infinity":32,"b:76:57:76:Infinity:76:67:76:Infinity":5,"s:79:17:85:Infinity":33,"f:79:17:79:Infinity":12,"s:80:5:85:15":34,"b:80:5:80:47:81:7:81:47:82:7:82:54:83:7:83:43:84:7:84:48:85:6:85:15":6,"s:88:28:89:Infinity":35,"f:88:28:88:Infinity":13,"s:89:4:89:Infinity":36,"f:92:11:92:24":14,"s:95:6:100:10":37,"b:95:6:95:24:96:6:96:17:97:6:97:23:98:6:98:17:99:6:99:19:100:6:100:10":7,"s:101:8:109:Infinity":38,"b:102:10:102:Infinity:undefined:undefined:undefined:undefined":8,"s:102:10:102:Infinity":39,"b:102:10:102:26:102:22:102:52":9,"s:102:43:102:Infinity":40,"b:103:17:103:Infinity:undefined:undefined:undefined:undefined":10,"s:103:17:103:Infinity":41,"s:103:33:103:Infinity":42,"b:104:17:105:Infinity:undefined:undefined:undefined:undefined":11,"s:104:17:105:Infinity":43,"b:104:17:104:44:104:33:104:Infinity":12,"s:104:61:105:Infinity":44,"s:106:13:106:Infinity":45,"s:108:13:108:Infinity":46,"s:113:15:113:Infinity":47,"f:113:15:113:29":15,"s:113:15:113:72":48,"s:114:16:114:Infinity":49,"f:114:16:114:30":16,"s:114:16:114:52":50,"s:117:24:118:Infinity":51,"f:117:24:117:Infinity":17,"f:121:4:121:26":18,"s:121:4:126:Infinity":52,"b:125:12:125:Infinity:126:10:126:15":13,"b:122:36:123:38:124:8:124:Infinity":14,"f:130:4:130:20":19,"s:130:4:130:Infinity":53,"b:130:37:130:56:130:56:130:Infinity":15,"s:132:16:132:Infinity":54,"f:132:16:132:28":20,"f:135:34:135:Infinity":21,"s:135:34:142:3":55,"s:136:14:136:61":56,"b:136:14:136:42:136:46:136:61":16,"b:138:8:138:Infinity:undefined:undefined:undefined:undefined":17,"s:138:8:138:Infinity":57,"s:138:27:138:Infinity":58,"b:139:8:139:Infinity:undefined:undefined:undefined:undefined":18,"s:139:8:139:Infinity":59,"s:139:27:139:Infinity":60,"b:140:8:140:Infinity:undefined:undefined:undefined:undefined":19,"s:140:8:140:Infinity":61,"s:140:27:140:Infinity":62,"s:141:11:141:Infinity":63,"s:154:17:154:Infinity":64,"f:156:4:156:15":22,"s:156:4:158:Infinity":65,"b:157:8:157:Infinity:158:8:158:Infinity":20,"f:158:28:158:30":23,"s:158:31:158:Infinity":66,"b:169:9:169:Infinity:undefined:undefined:undefined:undefined":21,"s:169:9:169:Infinity":67,"s:169:52:169:Infinity":68,"b:191:8:191:Infinity:undefined:undefined:undefined:undefined":22,"s:191:8:191:Infinity":69,"b:191:8:191:20:191:15:191:Infinity":23,"s:191:28:191:Infinity":70,"s:201:38:201:Infinity":71,"f:201:38:201:46":24,"f:218:22:218:27":25,"s:218:22:218:Infinity":72,"b:217:17:217:Infinity:217:58:217:Infinity":24,"s:217:17:217:Infinity":73,"s:217:58:217:Infinity":74,"s:206:73:206:Infinity":75,"b:206:73:206:98:206:102:206:117":25,"b:206:117:206:148:206:152:206:166":26,"s:212:13:214:Infinity":76,"b:212:13:212:41:213:14:213:55:214:14:214:21":27,"s:229:43:229:Infinity":77,"b:229:43:229:68:229:72:229:87":28,"b:229:87:229:118:229:122:229:136":29,"s:230:12:230:Infinity":78,"b:230:12:230:Infinity:230:21:230:Infinity":30,"s:233:43:233:Infinity":79,"b:233:43:233:68:233:72:233:87":31,"b:233:87:233:118:233:122:233:136":32,"s:234:12:234:Infinity":80,"b:234:12:234:Infinity:234:27:234:Infinity":33,"s:259:21:261:Infinity":81,"f:259:21:259:29":26,"s:259:21:261:31":82,"b:259:21:259:64:260:16:260:42:261:16:261:31":34,"s:269:21:269:Infinity":83,"f:269:21:269:30":27,"s:269:21:269:49":84,"b:269:21:269:34:269:34:269:49":35,"f:274:17:274:37":28,"s:274:17:274:41":85,"s:275:25:275:Infinity":86,"f:275:25:275:28":29,"b:275:25:275:38:275:38:275:51:275:51:275:Infinity":36,"s:275:20:275:28":87,"s:276:28:276:Infinity":88,"f:276:28:276:31":30,"s:276:31:276:Infinity":89,"s:276:20:276:31":90,"s:278:38:278:Infinity":91,"f:278:38:278:43":31,"s:283:20:283:Infinity":92,"f:283:20:283:28":32,"s:288:25:288:Infinity":93,"f:288:25:288:33":33,"s:288:25:288:51":94,"b:288:25:288:37:288:37:288:51":37,"b:279:19:279:Infinity:279:52:279:Infinity":38,"s:279:19:279:Infinity":95,"b:279:19:279:31:279:27:279:52":39,"s:279:52:279:Infinity":96,"b:296:13:296:Infinity:undefined:undefined:undefined:undefined":40,"s:296:13:296:Infinity":97,"s:296:46:296:Infinity":98,"s:319:15:319:Infinity":99,"f:319:15:319:28":34,"s:319:15:319:28":100,"f:319:28:319:32":35,"s:319:40:319:52":101,"s:320:26:320:Infinity":102,"f:320:26:320:29":36,"s:320:18:320:29":103,"s:322:21:322:Infinity":104,"f:322:21:322:29":37,"s:322:21:322:50":105,"b:322:32:322:40:322:43:322:50":41,"s:324:42:324:Infinity":106,"f:324:42:324:50":38,"b:324:53:324:76:324:76:324:116":42,"f:325:28:325:39":39,"s:325:28:325:Infinity":107,"s:327:13:327:Infinity":108,"f:327:13:327:19":40,"s:335:15:335:Infinity":109,"f:335:15:335:35":41,"s:335:15:335:39":110,"f:335:35:335:39":42,"s:335:46:335:54":111,"s:343:43:345:Infinity":112,"f:343:43:343:54":43,"b:344:12:344:15:345:12:345:43":43,"b:333:9:333:Infinity:333:40:333:Infinity":44,"s:333:9:333:Infinity":113,"s:333:40:333:Infinity":114}}}
,"C:\\Users\\shevoK\\Documents\\GitHub\\Openremote-Alarm-app\\src\\lib\\pages\\AssetList.svelte": {"path":"C:\\Users\\shevoK\\Documents\\GitHub\\Openremote-Alarm-app\\src\\lib\\pages\\AssetList.svelte","statementMap":{"0":{"start":{"line":22,"column":2},"end":{"line":24,"column":null}},"1":{"start":{"line":23,"column":4},"end":{"line":23,"column":null}},"2":{"start":{"line":26,"column":18},"end":{"line":28,"column":3}},"3":{"start":{"line":27,"column":4},"end":{"line":27,"column":null}},"4":{"start":{"line":30,"column":17},"end":{"line":30,"column":null}},"5":{"start":{"line":33,"column":4},"end":{"line":54,"column":null}},"6":{"start":{"line":34,"column":21},"end":{"line":34,"column":null}},"7":{"start":{"line":35,"column":11},"end":{"line":35,"column":null}},"8":{"start":{"line":35,"column":50},"end":{"line":35,"column":null}},"9":{"start":{"line":37,"column":11},"end":{"line":37,"column":null}},"10":{"start":{"line":37,"column":27},"end":{"line":37,"column":null}},"11":{"start":{"line":39,"column":17},"end":{"line":39,"column":null}},"12":{"start":{"line":40,"column":24},"end":{"line":40,"column":null}},"13":{"start":{"line":42,"column":22},"end":{"line":48,"column":null}},"14":{"start":{"line":50,"column":20},"end":{"line":50,"column":null}},"15":{"start":{"line":51,"column":28},"end":{"line":51,"column":null}},"16":{"start":{"line":53,"column":13},"end":{"line":53,"column":null}},"17":{"start":{"line":88,"column":24},"end":{"line":88,"column":null}},"18":{"start":{"line":93,"column":21},"end":{"line":93,"column":null}},"19":{"start":{"line":94,"column":30},"end":{"line":94,"column":null}},"20":{"start":{"line":98,"column":34},"end":{"line":98,"column":null}},"21":{"start":{"line":98,"column":34},"end":{"line":98,"column":42}},"22":{"start":{"line":109,"column":11},"end":{"line":109,"column":null}},"23":{"start":{"line":109,"column":11},"end":{"line":109,"column":29}},"24":{"start":{"line":109,"column":36},"end":{"line":109,"column":53}}},"fnMap":{"0":{"name":"(anonymous_0)","decl":{"start":{"line":22,"column":9},"end":{"line":22,"column":16}},"loc":{"start":{"line":22,"column":16},"end":{"line":24,"column":3}},"line":22},"1":{"name":"(anonymous_1)","decl":{"start":{"line":26,"column":18},"end":{"line":26,"column":27}},"loc":{"start":{"line":26,"column":27},"end":{"line":28,"column":3}},"line":26},"2":{"name":"(anonymous_2)","decl":{"start":{"line":33,"column":4},"end":{"line":33,"column":12}},"loc":{"start":{"line":33,"column":4},"end":{"line":54,"column":null}},"line":33},"3":{"name":"(anonymous_3)","decl":{"start":{"line":33,"column":26},"end":{"line":33,"column":28}},"loc":{"start":{"line":33,"column":37},"end":{"line":54,"column":5}},"line":33},"4":{"name":"(anonymous_4)","decl":{"start":{"line":94,"column":24},"end":{"line":94,"column":25}},"loc":{"start":{"line":94,"column":30},"end":{"line":94,"column":null}},"line":94},"5":{"name":"(anonymous_5)","decl":{"start":{"line":98,"column":34},"end":{"line":98,"column":42}},"loc":{"start":{"line":98,"column":34},"end":{"line":98,"column":42}},"line":98},"6":{"name":"(anonymous_6)","decl":{"start":{"line":109,"column":11},"end":{"line":109,"column":25}},"loc":{"start":{"line":109,"column":11},"end":{"line":109,"column":29}},"line":109},"7":{"name":"(anonymous_7)","decl":{"start":{"line":109,"column":25},"end":{"line":109,"column":29}},"loc":{"start":{"line":109,"column":36},"end":{"line":109,"column":53}},"line":109},"8":{"name":"(anonymous_8)","decl":{"start":{"line":109,"column":29},"end":{"line":109,"column":34}},"loc":{"start":{"line":109,"column":36},"end":{"line":109,"column":53}},"line":109}},"branchMap":{"0":{"loc":{"start":{"line":35,"column":11},"end":{"line":35,"column":null}},"type":"if","locations":[{"start":{"line":35,"column":11},"end":{"line":35,"column":null}},{"start":{},"end":{}}],"line":35},"1":{"loc":{"start":{"line":35,"column":11},"end":{"line":35,"column":50}},"type":"binary-expr","locations":[{"start":{"line":35,"column":11},"end":{"line":35,"column":37}},{"start":{"line":35,"column":41},"end":{"line":35,"column":50}}],"line":35},"2":{"loc":{"start":{"line":37,"column":11},"end":{"line":37,"column":null}},"type":"if","locations":[{"start":{"line":37,"column":11},"end":{"line":37,"column":null}},{"start":{},"end":{}}],"line":37},"3":{"loc":{"start":{"line":42,"column":22},"end":{"line":48,"column":null}},"type":"cond-expr","locations":[{"start":{"line":43,"column":10},"end":{"line":43,"column":null}},{"start":{"line":44,"column":10},"end":{"line":48,"column":null}}],"line":42},"4":{"loc":{"start":{"line":44,"column":10},"end":{"line":48,"column":null}},"type":"cond-expr","locations":[{"start":{"line":45,"column":12},"end":{"line":46,"column":null}},{"start":{"line":48,"column":12},"end":{"line":48,"column":null}}],"line":44},"5":{"loc":{"start":{"line":44,"column":10},"end":{"line":44,"column":null}},"type":"binary-expr","locations":[{"start":{"line":44,"column":10},"end":{"line":44,"column":26}},{"start":{"line":44,"column":30},"end":{"line":44,"column":null}}],"line":44},"6":{"loc":{"start":{"line":53,"column":13},"end":{"line":53,"column":39}},"type":"binary-expr","locations":[{"start":{"line":53,"column":13},"end":{"line":53,"column":22}},{"start":{"line":53,"column":26},"end":{"line":53,"column":39}}],"line":53}},"s":{"0":2,"1":2,"2":2,"3":0,"4":2,"5":3,"6":6,"7":6,"8":0,"9":6,"10":4,"11":2,"12":2,"13":6,"14":6,"15":6,"16":6,"17":1,"18":6,"19":0,"20":2,"21":2,"22":2,"23":3,"24":5},"f":{"0":2,"1":0,"2":3,"3":6,"4":0,"5":4,"6":6,"7":5,"8":5},"b":{"0":[0,6],"1":[6,6],"2":[4,2],"3":[0,2],"4":[0,2],"5":[2,2],"6":[6,1]},"meta":{"lastBranch":7,"lastFunction":9,"lastStatement":25,"seen":{"s:22:2:24:Infinity":0,"f:22:9:22:16":0,"s:23:4:23:Infinity":1,"s:26:18:28:3":2,"f:26:18:26:27":1,"s:27:4:27:Infinity":3,"s:30:17:30:Infinity":4,"f:33:4:33:12":2,"s:33:4:54:Infinity":5,"f:33:26:33:28":3,"s:34:21:34:Infinity":6,"b:35:11:35:Infinity:undefined:undefined:undefined:undefined":0,"s:35:11:35:Infinity":7,"b:35:11:35:37:35:41:35:50":1,"s:35:50:35:Infinity":8,"b:37:11:37:Infinity:undefined:undefined:undefined:undefined":2,"s:37:11:37:Infinity":9,"s:37:27:37:Infinity":10,"s:39:17:39:Infinity":11,"s:40:24:40:Infinity":12,"s:42:22:48:Infinity":13,"b:43:10:43:Infinity:44:10:48:Infinity":3,"b:45:12:46:Infinity:48:12:48:Infinity":4,"b:44:10:44:26:44:30:44:Infinity":5,"s:50:20:50:Infinity":14,"s:51:28:51:Infinity":15,"s:53:13:53:Infinity":16,"b:53:13:53:22:53:26:53:39":6,"s:88:24:88:Infinity":17,"s:93:21:93:Infinity":18,"f:94:24:94:25":4,"s:94:30:94:Infinity":19,"s:98:34:98:Infinity":20,"f:98:34:98:42":5,"s:98:34:98:42":21,"s:109:11:109:Infinity":22,"f:109:11:109:25":6,"s:109:11:109:29":23,"f:109:25:109:29":7,"s:109:36:109:53":24,"f:109:29:109:34":8}}}
,"C:\\Users\\shevoK\\Documents\\GitHub\\Openremote-Alarm-app\\src\\lib\\pages\\Documentation.svelte": {"path":"C:\\Users\\shevoK\\Documents\\GitHub\\Openremote-Alarm-app\\src\\lib\\pages\\Documentation.svelte","statementMap":{"0":{"start":{"line":46,"column":28},"end":{"line":46,"column":null}},"1":{"start":{"line":10,"column":21},"end":{"line":10,"column":null}},"2":{"start":{"line":12,"column":21},"end":{"line":14,"column":null}},"3":{"start":{"line":13,"column":4},"end":{"line":14,"column":null}},"4":{"start":{"line":13,"column":33},"end":{"line":13,"column":null}},"5":{"start":{"line":17,"column":18},"end":{"line":19,"column":3}},"6":{"start":{"line":18,"column":4},"end":{"line":18,"column":null}},"7":{"start":{"line":38,"column":15},"end":{"line":38,"column":null}},"8":{"start":{"line":38,"column":15},"end":{"line":38,"column":36}},"9":{"start":{"line":38,"column":49},"end":{"line":38,"column":59}},"10":{"start":{"line":48,"column":13},"end":{"line":48,"column":null}},"11":{"start":{"line":40,"column":19},"end":{"line":44,"column":null}},"12":{"start":{"line":56,"column":45},"end":{"line":56,"column":null}},"13":{"start":{"line":58,"column":11},"end":{"line":58,"column":null}},"14":{"start":{"line":61,"column":17},"end":{"line":61,"column":null}},"15":{"start":{"line":61,"column":17},"end":{"line":61,"column":38}},"16":{"start":{"line":61,"column":51},"end":{"line":61,"column":61}},"17":{"start":{"line":62,"column":32},"end":{"line":62,"column":51}},"18":{"start":{"line":62,"column":51},"end":{"line":62,"column":null}},"19":{"start":{"line":63,"column":15},"end":{"line":63,"column":null}},"20":{"start":{"line":74,"column":15},"end":{"line":74,"column":null}},"21":{"start":{"line":74,"column":15},"end":{"line":74,"column":36}}},"fnMap":{"0":{"name":"(anonymous_0)","decl":{"start":{"line":46,"column":28},"end":{"line":46,"column":43}},"loc":{"start":{"line":46,"column":28},"end":{"line":46,"column":null}},"line":46},"1":{"name":"(anonymous_1)","decl":{"start":{"line":12,"column":21},"end":{"line":12,"column":null}},"loc":{"start":{"line":13,"column":4},"end":{"line":14,"column":null}},"line":13},"2":{"name":"(anonymous_2)","decl":{"start":{"line":13,"column":30},"end":{"line":13,"column":32}},"loc":{"start":{"line":13,"column":33},"end":{"line":13,"column":null}},"line":13},"3":{"name":"(anonymous_3)","decl":{"start":{"line":17,"column":18},"end":{"line":17,"column":27}},"loc":{"start":{"line":17,"column":27},"end":{"line":19,"column":3}},"line":17},"4":{"name":"(anonymous_4)","decl":{"start":{"line":38,"column":15},"end":{"line":38,"column":36}},"loc":{"start":{"line":38,"column":15},"end":{"line":38,"column":36}},"line":38},"5":{"name":"(anonymous_5)","decl":{"start":{"line":38,"column":36},"end":{"line":38,"column":40}},"loc":{"start":{"line":38,"column":49},"end":{"line":38,"column":59}},"line":38},"6":{"name":"(anonymous_6)","decl":{"start":{"line":40,"column":19},"end":{"line":40,"column":21}},"loc":{"start":{"line":40,"column":19},"end":{"line":44,"column":null}},"line":40},"7":{"name":"(anonymous_7)","decl":{"start":{"line":58,"column":11},"end":{"line":58,"column":24}},"loc":{"start":{"line":58,"column":11},"end":{"line":58,"column":null}},"line":58},"8":{"name":"(anonymous_8)","decl":{"start":{"line":61,"column":17},"end":{"line":61,"column":38}},"loc":{"start":{"line":61,"column":17},"end":{"line":61,"column":38}},"line":61},"9":{"name":"(anonymous_9)","decl":{"start":{"line":61,"column":38},"end":{"line":61,"column":42}},"loc":{"start":{"line":61,"column":51},"end":{"line":61,"column":61}},"line":61},"10":{"name":"(anonymous_10)","decl":{"start":{"line":63,"column":15},"end":{"line":63,"column":22}},"loc":{"start":{"line":63,"column":15},"end":{"line":63,"column":null}},"line":63},"11":{"name":"(anonymous_11)","decl":{"start":{"line":74,"column":15},"end":{"line":74,"column":28}},"loc":{"start":{"line":74,"column":15},"end":{"line":74,"column":36}},"line":74}},"branchMap":{"0":{"loc":{"start":{"line":13,"column":4},"end":{"line":14,"column":null}},"type":"binary-expr","locations":[{"start":{"line":13,"column":4},"end":{"line":13,"column":null}},{"start":{"line":14,"column":6},"end":{"line":14,"column":null}}],"line":13},"1":{"loc":{"start":{"line":41,"column":84},"end":{"line":44,"column":78}},"type":"cond-expr","locations":[{"start":{"line":43,"column":18},"end":{"line":43,"column":null}},{"start":{"line":44,"column":18},"end":{"line":44,"column":78}}],"line":41}},"s":{"0":0,"1":2,"2":2,"3":2,"4":2,"5":2,"6":1,"7":2,"8":2,"9":14,"10":14,"11":14,"12":0,"13":2,"14":0,"15":0,"16":0,"17":0,"18":0,"19":0,"20":2,"21":2},"f":{"0":0,"1":2,"2":2,"3":1,"4":4,"5":28,"6":14,"7":2,"8":0,"9":0,"10":0,"11":2},"b":{"0":[2,0],"1":[2,12]},"meta":{"lastBranch":2,"lastFunction":12,"lastStatement":22,"seen":{"s:46:28:46:Infinity":0,"f:46:28:46:43":0,"s:10:21:10:Infinity":1,"s:12:21:14:Infinity":2,"f:12:21:12:Infinity":1,"s:13:4:14:Infinity":3,"b:13:4:13:Infinity:14:6:14:Infinity":0,"f:13:30:13:32":2,"s:13:33:13:Infinity":4,"s:17:18:19:3":5,"f:17:18:17:27":3,"s:18:4:18:Infinity":6,"s:38:15:38:Infinity":7,"f:38:15:38:36":4,"s:38:15:38:36":8,"f:38:36:38:40":5,"s:38:49:38:59":9,"s:48:13:48:Infinity":10,"f:40:19:40:21":6,"s:40:19:44:Infinity":11,"b:43:18:43:Infinity:44:18:44:78":1,"s:56:45:56:Infinity":12,"s:58:11:58:Infinity":13,"f:58:11:58:24":7,"s:61:17:61:Infinity":14,"f:61:17:61:38":8,"s:61:17:61:38":15,"f:61:38:61:42":9,"s:61:51:61:61":16,"s:62:32:62:51":17,"s:62:51:62:Infinity":18,"s:63:15:63:Infinity":19,"f:63:15:63:22":10,"s:74:15:74:Infinity":20,"f:74:15:74:28":11,"s:74:15:74:36":21}}}
,"C:\\Users\\shevoK\\Documents\\GitHub\\Openremote-Alarm-app\\src\\lib\\pages\\index.ts": {"path":"C:\\Users\\shevoK\\Documents\\GitHub\\Openremote-Alarm-app\\src\\lib\\pages\\index.ts","statementMap":{"0":{"start":{"line":14,"column":2},"end":{"line":14,"column":null}},"1":{"start":{"line":15,"column":2},"end":{"line":15,"column":null}},"2":{"start":{"line":16,"column":2},"end":{"line":16,"column":null}},"3":{"start":{"line":17,"column":2},"end":{"line":17,"column":null}},"4":{"start":{"line":18,"column":2},"end":{"line":18,"column":null}},"5":{"start":{"line":19,"column":2},"end":{"line":19,"column":null}},"6":{"start":{"line":36,"column":21},"end":{"line":82,"column":null}}},"fnMap":{},"branchMap":{},"s":{"0":9,"1":9,"2":9,"3":9,"4":9,"5":9,"6":9},"f":{},"b":{},"meta":{"lastBranch":0,"lastFunction":0,"lastStatement":7,"seen":{"s:14:2:14:Infinity":0,"s:15:2:15:Infinity":1,"s:16:2:16:Infinity":2,"s:17:2:17:Infinity":3,"s:18:2:18:Infinity":4,"s:19:2:19:Infinity":5,"s:36:21:82:Infinity":6}}}
,"C:\\Users\\shevoK\\Documents\\GitHub\\Openremote-Alarm-app\\src\\test\\fixtures.ts": {"path":"C:\\Users\\shevoK\\Documents\\GitHub\\Openremote-Alarm-app\\src\\test\\fixtures.ts","statementMap":{"0":{"start":{"line":3,"column":13},"end":{"line":14,"column":null}},"1":{"start":{"line":6,"column":3},"end":{"line":14,"column":null}}},"fnMap":{"0":{"name":"(anonymous_0)","decl":{"start":{"line":3,"column":13},"end":{"line":3,"column":null}},"loc":{"start":{"line":6,"column":3},"end":{"line":14,"column":null}},"line":6}},"branchMap":{"0":{"loc":{"start":{"line":4,"column":2},"end":{"line":4,"column":36}},"type":"default-arg","locations":[{"start":{"line":4,"column":34},"end":{"line":4,"column":36}}],"line":4}},"s":{"0":4,"1":16},"f":{"0":16},"b":{"0":[16]},"meta":{"lastBranch":1,"lastFunction":1,"lastStatement":2,"seen":{"s:3:13:14:Infinity":0,"f:3:13:3:Infinity":0,"s:6:3:14:Infinity":1,"b:4:34:4:36":0}}}
}
